#
# There is insufficient memory for the Java Runtime Environment to continue.
# Native memory allocation (malloc) failed to allocate 65552 bytes for Chunk::new
# Possible reasons:
#   The system is out of physical RAM or swap space
#   The process is running with CompressedOops enabled, and the Java Heap may be blocking the growth of the native heap
# Possible solutions:
#   Reduce memory load on the system
#   Increase physical memory or swap space
#   Check if swap backing store is full
#   Decrease Java heap size (-Xmx/-Xms)
#   Decrease number of Java threads
#   Decrease Java thread stack sizes (-Xss)
#   Set larger code cache with -XX:ReservedCodeCacheSize=
#   JVM is running with Unscaled Compressed Oops mode in which the Java heap is
#     placed in the first 4GB address space. The Java Heap base address is the
#     maximum limit for the native heap growth. Please use -XX:HeapBaseMinAddress
#     to set the Java Heap base and to place the Java Heap above 4GB virtual address.
# This output file may be truncated or incomplete.
#
#  Out of Memory Error (arena.cpp:168), pid=6368, tid=3184
#
# JRE version: Java(TM) SE Runtime Environment (21.0.2+13) (build 21.0.2+13-LTS-58)
# Java VM: Java HotSpot(TM) 64-Bit Server VM (21.0.2+13-LTS-58, mixed mode, sharing, tiered, compressed oops, compressed class ptrs, g1 gc, windows-amd64)
# No core dump will be written. Minidumps are not enabled by default on client versions of Windows
#

---------------  S U M M A R Y ------------

Command Line: chatting.application.Server

Host: AMD Ryzen 5 5600H with Radeon Graphics         , 12 cores, 7G,  Windows 11 , 64 bit Build 22621 (10.0.22621.5415)
Time: Wed Jul 30 16:24:14 2025 India Standard Time elapsed time: 0.391043 seconds (0d 0h 0m 0s)

---------------  T H R E A D  ---------------

Current thread (0x0000012120320a10):  JavaThread "C2 CompilerThread0" daemon [_thread_in_native, id=3184, stack(0x000000014e700000,0x000000014e800000) (1024K)]


Current CompileTask:
C2:    391  742   !   4       sun.awt.image.PNGImageDecoder::produceImage (1917 bytes)

Stack: [0x000000014e700000,0x000000014e800000]
Native frames: (J=compiled Java code, j=interpreted, Vv=VM code, C=native code)
V  [jvm.dll+0x6cade9]
V  [jvm.dll+0x8569c1]
V  [jvm.dll+0x858d2e]
V  [jvm.dll+0x859413]
V  [jvm.dll+0x280e56]
V  [jvm.dll+0xc3f3d]
V  [jvm.dll+0xc4473]
V  [jvm.dll+0xc4065]
V  [jvm.dll+0x6a7a5c]
V  [jvm.dll+0x6f403a]
V  [jvm.dll+0x6f1cf9]
V  [jvm.dll+0x24b7d1]
V  [jvm.dll+0x2490a3]
V  [jvm.dll+0x1c9634]
V  [jvm.dll+0x258859]
V  [jvm.dll+0x256e3a]
V  [jvm.dll+0x3ef6c6]
V  [jvm.dll+0x7ff568]
V  [jvm.dll+0x6c953d]
C  [ucrtbase.dll+0x29333]
C  [KERNEL32.DLL+0x1259d]
C  [ntdll.dll+0x5af78]


---------------  P R O C E S S  ---------------

Threads class SMR info:
_java_thread_list=0x00000121677117e0, length=20, elements={
0x000001210155a160, 0x00000121202ed250, 0x00000121202edf70, 0x00000121202f2150,
0x00000121202f3040, 0x000001212031bac0, 0x000001212031c650, 0x0000012120320a10,
0x00000121203215e0, 0x000001212057caa0, 0x0000012120587ed0, 0x0000012120754a40,
0x000001212075b3e0, 0x000001212075ff70, 0x00000121207a76f0, 0x00000121207b4000,
0x0000012120809e40, 0x0000012167653f50, 0x00000121676c27b0, 0x00000121677160a0
}

Java Threads: ( => current thread )
  0x000001210155a160 JavaThread "main"                              [_thread_in_Java, id=5928, stack(0x000000014d900000,0x000000014da00000) (1024K)]
  0x00000121202ed250 JavaThread "Reference Handler"          daemon [_thread_blocked, id=14656, stack(0x000000014e100000,0x000000014e200000) (1024K)]
  0x00000121202edf70 JavaThread "Finalizer"                  daemon [_thread_blocked, id=15644, stack(0x000000014e200000,0x000000014e300000) (1024K)]
  0x00000121202f2150 JavaThread "Signal Dispatcher"          daemon [_thread_blocked, id=19368, stack(0x000000014e300000,0x000000014e400000) (1024K)]
  0x00000121202f3040 JavaThread "Attach Listener"            daemon [_thread_blocked, id=16540, stack(0x000000014e400000,0x000000014e500000) (1024K)]
  0x000001212031bac0 JavaThread "Service Thread"             daemon [_thread_blocked, id=19160, stack(0x000000014e500000,0x000000014e600000) (1024K)]
  0x000001212031c650 JavaThread "Monitor Deflation Thread"   daemon [_thread_blocked, id=14060, stack(0x000000014e600000,0x000000014e700000) (1024K)]
=>0x0000012120320a10 JavaThread "C2 CompilerThread0"         daemon [_thread_in_native, id=3184, stack(0x000000014e700000,0x000000014e800000) (1024K)]
  0x00000121203215e0 JavaThread "C1 CompilerThread0"         daemon [_thread_blocked, id=17492, stack(0x000000014e800000,0x000000014e900000) (1024K)]
  0x000001212057caa0 JavaThread "Notification Thread"        daemon [_thread_blocked, id=2960, stack(0x000000014e900000,0x000000014ea00000) (1024K)]
  0x0000012120587ed0 JavaThread "Common-Cleaner"             daemon [_thread_blocked, id=4476, stack(0x000000014ea00000,0x000000014eb00000) (1024K)]
  0x0000012120754a40 JavaThread "Java2D Disposer"            daemon [_thread_blocked, id=20468, stack(0x000000014eb00000,0x000000014ec00000) (1024K)]
  0x000001212075b3e0 JavaThread "AWT-Shutdown"                      [_thread_blocked, id=16856, stack(0x000000014ec00000,0x000000014ed00000) (1024K)]
  0x000001212075ff70 JavaThread "AWT-Windows"                daemon [_thread_in_native, id=16736, stack(0x000000014ed00000,0x000000014ee00000) (1024K)]
  0x00000121207a76f0 JavaThread "EventQueueMonitor-ComponentEvtDispatch" daemon [_thread_blocked, id=16616, stack(0x000000014ee00000,0x000000014ef00000) (1024K)]
  0x00000121207b4000 JavaThread "Thread-1"                   daemon [_thread_in_native, id=17312, stack(0x000000014ef00000,0x000000014f000000) (1024K)]
  0x0000012120809e40 JavaThread "Image Fetcher 0"            daemon [_thread_blocked, id=2184, stack(0x000000014f000000,0x000000014f100000) (1024K)]
  0x0000012167653f50 JavaThread "Image Fetcher 1"            daemon [_thread_blocked, id=19248, stack(0x000000014f100000,0x000000014f200000) (1024K)]
  0x00000121676c27b0 JavaThread "C2 CompilerThread1"         daemon [_thread_in_native, id=12848, stack(0x000000014f200000,0x000000014f300000) (1024K)]
  0x00000121677160a0 JavaThread "AWT-EventQueue-0"                  [_thread_blocked, id=9712, stack(0x000000014f300000,0x000000014f400000) (1024K)]
Total: 20

Other Threads:
  0x000001210153f4a0 VMThread "VM Thread"                           [id=9032, stack(0x000000014e000000,0x000000014e100000) (1024K)]
  0x00000121202b7500 WatcherThread "VM Periodic Task Thread"        [id=10652, stack(0x000000014df00000,0x000000014e000000) (1024K)]
  0x000001210153e280 WorkerThread "GC Thread#0"                     [id=14156, stack(0x000000014da00000,0x000000014db00000) (1024K)]
  0x000001210387c650 ConcurrentGCThread "G1 Main Marker"            [id=16680, stack(0x000000014db00000,0x000000014dc00000) (1024K)]
  0x000001210153e9c0 WorkerThread "G1 Conc#0"                       [id=14496, stack(0x000000014dc00000,0x000000014dd00000) (1024K)]
  0x0000012120189110 ConcurrentGCThread "G1 Refine#0"               [id=4088, stack(0x000000014dd00000,0x000000014de00000) (1024K)]
  0x0000012120189b90 ConcurrentGCThread "G1 Service"                [id=1432, stack(0x000000014de00000,0x000000014df00000) (1024K)]
Total: 7

Threads with active compile tasks:
C2 CompilerThread0      405  742   !   4       sun.awt.image.PNGImageDecoder::produceImage (1917 bytes)
C2 CompilerThread1      405  876       4       jdk.internal.jimage.ImageStringsReader::unmaskedHashCode (166 bytes)
Total: 2

VM state: not at safepoint (normal execution)

VM Mutex/Monitor currently owned by a thread: None

Heap address: 0x000000008a600000, size: 1882 MB, Compressed Oops mode: 32-bit

CDS archive(s) mapped at: [0x0000012121000000-0x0000012121c90000-0x0000012121c90000), size 13172736, SharedBaseAddress: 0x0000012121000000, ArchiveRelocationMode: 1.
Compressed class space mapped at: 0x0000012122000000-0x0000012162000000, reserved size: 1073741824
Narrow klass base: 0x0000012121000000, Narrow klass shift: 0, Narrow klass range: 0x100000000

GC Precious Log:
 CardTable entry size: 512
 Card Set container configuration: InlinePtr #cards 5 size 8 Array Of Cards #cards 12 size 40 Howl #buckets 4 coarsen threshold 1843 Howl Bitmap #cards 512 size 80 coarsen threshold 460 Card regions per heap region 1 cards per card region 2048
 CPUs: 12 total, 12 available
 Memory: 7521M
 Large Page Support: Disabled
 NUMA Support: Disabled
 Compressed Oops: Enabled (32-bit)
 Heap Region Size: 1M
 Heap Min Capacity: 8M
 Heap Initial Capacity: 118M
 Heap Max Capacity: 1882M
 Pre-touch: Disabled
 Parallel Workers: 10
 Concurrent Workers: 3
 Concurrent Refinement Workers: 10
 Periodic GC: Disabled

Heap:
 garbage-first heap   total 120832K, used 15360K [0x000000008a600000, 0x0000000100000000)
  region size 1024K, 13 young (13312K), 0 survivors (0K)
 Metaspace       used 7474K, committed 7744K, reserved 1114112K
  class space    used 812K, committed 960K, reserved 1048576K

Heap Regions: E=young(eden), S=young(survivor), O=old, HS=humongous(starts), HC=humongous(continues), CS=collection set, F=free, TAMS=top-at-mark-start, PB=parsable bottom
|   0|0x000000008a600000, 0x000000008a700000, 0x000000008a700000|100%|HS|  |TAMS 0x000000008a600000| PB 0x000000008a600000| Complete 
|   1|0x000000008a700000, 0x000000008a800000, 0x000000008a800000|100%|HC|  |TAMS 0x000000008a700000| PB 0x000000008a700000| Complete 
|   2|0x000000008a800000, 0x000000008a900000, 0x000000008a900000|100%|HS|  |TAMS 0x000000008a800000| PB 0x000000008a800000| Complete 
|   3|0x000000008a900000, 0x000000008a900000, 0x000000008aa00000|  0%| F|  |TAMS 0x000000008a900000| PB 0x000000008a900000| Untracked 
|   4|0x000000008aa00000, 0x000000008aa00000, 0x000000008ab00000|  0%| F|  |TAMS 0x000000008aa00000| PB 0x000000008aa00000| Untracked 
|   5|0x000000008ab00000, 0x000000008ab00000, 0x000000008ac00000|  0%| F|  |TAMS 0x000000008ab00000| PB 0x000000008ab00000| Untracked 
|   6|0x000000008ac00000, 0x000000008ac00000, 0x000000008ad00000|  0%| F|  |TAMS 0x000000008ac00000| PB 0x000000008ac00000| Untracked 
|   7|0x000000008ad00000, 0x000000008ad00000, 0x000000008ae00000|  0%| F|  |TAMS 0x000000008ad00000| PB 0x000000008ad00000| Untracked 
|   8|0x000000008ae00000, 0x000000008ae00000, 0x000000008af00000|  0%| F|  |TAMS 0x000000008ae00000| PB 0x000000008ae00000| Untracked 
|   9|0x000000008af00000, 0x000000008af00000, 0x000000008b000000|  0%| F|  |TAMS 0x000000008af00000| PB 0x000000008af00000| Untracked 
|  10|0x000000008b000000, 0x000000008b000000, 0x000000008b100000|  0%| F|  |TAMS 0x000000008b000000| PB 0x000000008b000000| Untracked 
|  11|0x000000008b100000, 0x000000008b100000, 0x000000008b200000|  0%| F|  |TAMS 0x000000008b100000| PB 0x000000008b100000| Untracked 
|  12|0x000000008b200000, 0x000000008b200000, 0x000000008b300000|  0%| F|  |TAMS 0x000000008b200000| PB 0x000000008b200000| Untracked 
|  13|0x000000008b300000, 0x000000008b300000, 0x000000008b400000|  0%| F|  |TAMS 0x000000008b300000| PB 0x000000008b300000| Untracked 
|  14|0x000000008b400000, 0x000000008b400000, 0x000000008b500000|  0%| F|  |TAMS 0x000000008b400000| PB 0x000000008b400000| Untracked 
|  15|0x000000008b500000, 0x000000008b500000, 0x000000008b600000|  0%| F|  |TAMS 0x000000008b500000| PB 0x000000008b500000| Untracked 
|  16|0x000000008b600000, 0x000000008b600000, 0x000000008b700000|  0%| F|  |TAMS 0x000000008b600000| PB 0x000000008b600000| Untracked 
|  17|0x000000008b700000, 0x000000008b700000, 0x000000008b800000|  0%| F|  |TAMS 0x000000008b700000| PB 0x000000008b700000| Untracked 
|  18|0x000000008b800000, 0x000000008b800000, 0x000000008b900000|  0%| F|  |TAMS 0x000000008b800000| PB 0x000000008b800000| Untracked 
|  19|0x000000008b900000, 0x000000008b900000, 0x000000008ba00000|  0%| F|  |TAMS 0x000000008b900000| PB 0x000000008b900000| Untracked 
|  20|0x000000008ba00000, 0x000000008ba00000, 0x000000008bb00000|  0%| F|  |TAMS 0x000000008ba00000| PB 0x000000008ba00000| Untracked 
|  21|0x000000008bb00000, 0x000000008bb00000, 0x000000008bc00000|  0%| F|  |TAMS 0x000000008bb00000| PB 0x000000008bb00000| Untracked 
|  22|0x000000008bc00000, 0x000000008bc00000, 0x000000008bd00000|  0%| F|  |TAMS 0x000000008bc00000| PB 0x000000008bc00000| Untracked 
|  23|0x000000008bd00000, 0x000000008bd00000, 0x000000008be00000|  0%| F|  |TAMS 0x000000008bd00000| PB 0x000000008bd00000| Untracked 
|  24|0x000000008be00000, 0x000000008be00000, 0x000000008bf00000|  0%| F|  |TAMS 0x000000008be00000| PB 0x000000008be00000| Untracked 
|  25|0x000000008bf00000, 0x000000008bf00000, 0x000000008c000000|  0%| F|  |TAMS 0x000000008bf00000| PB 0x000000008bf00000| Untracked 
|  26|0x000000008c000000, 0x000000008c000000, 0x000000008c100000|  0%| F|  |TAMS 0x000000008c000000| PB 0x000000008c000000| Untracked 
|  27|0x000000008c100000, 0x000000008c100000, 0x000000008c200000|  0%| F|  |TAMS 0x000000008c100000| PB 0x000000008c100000| Untracked 
|  28|0x000000008c200000, 0x000000008c200000, 0x000000008c300000|  0%| F|  |TAMS 0x000000008c200000| PB 0x000000008c200000| Untracked 
|  29|0x000000008c300000, 0x000000008c300000, 0x000000008c400000|  0%| F|  |TAMS 0x000000008c300000| PB 0x000000008c300000| Untracked 
|  30|0x000000008c400000, 0x000000008c400000, 0x000000008c500000|  0%| F|  |TAMS 0x000000008c400000| PB 0x000000008c400000| Untracked 
|  31|0x000000008c500000, 0x000000008c500000, 0x000000008c600000|  0%| F|  |TAMS 0x000000008c500000| PB 0x000000008c500000| Untracked 
|  32|0x000000008c600000, 0x000000008c600000, 0x000000008c700000|  0%| F|  |TAMS 0x000000008c600000| PB 0x000000008c600000| Untracked 
|  33|0x000000008c700000, 0x000000008c700000, 0x000000008c800000|  0%| F|  |TAMS 0x000000008c700000| PB 0x000000008c700000| Untracked 
|  34|0x000000008c800000, 0x000000008c800000, 0x000000008c900000|  0%| F|  |TAMS 0x000000008c800000| PB 0x000000008c800000| Untracked 
|  35|0x000000008c900000, 0x000000008c900000, 0x000000008ca00000|  0%| F|  |TAMS 0x000000008c900000| PB 0x000000008c900000| Untracked 
|  36|0x000000008ca00000, 0x000000008ca00000, 0x000000008cb00000|  0%| F|  |TAMS 0x000000008ca00000| PB 0x000000008ca00000| Untracked 
|  37|0x000000008cb00000, 0x000000008cb00000, 0x000000008cc00000|  0%| F|  |TAMS 0x000000008cb00000| PB 0x000000008cb00000| Untracked 
|  38|0x000000008cc00000, 0x000000008cc00000, 0x000000008cd00000|  0%| F|  |TAMS 0x000000008cc00000| PB 0x000000008cc00000| Untracked 
|  39|0x000000008cd00000, 0x000000008cd00000, 0x000000008ce00000|  0%| F|  |TAMS 0x000000008cd00000| PB 0x000000008cd00000| Untracked 
|  40|0x000000008ce00000, 0x000000008ce00000, 0x000000008cf00000|  0%| F|  |TAMS 0x000000008ce00000| PB 0x000000008ce00000| Untracked 
|  41|0x000000008cf00000, 0x000000008cf00000, 0x000000008d000000|  0%| F|  |TAMS 0x000000008cf00000| PB 0x000000008cf00000| Untracked 
|  42|0x000000008d000000, 0x000000008d000000, 0x000000008d100000|  0%| F|  |TAMS 0x000000008d000000| PB 0x000000008d000000| Untracked 
|  43|0x000000008d100000, 0x000000008d100000, 0x000000008d200000|  0%| F|  |TAMS 0x000000008d100000| PB 0x000000008d100000| Untracked 
|  44|0x000000008d200000, 0x000000008d200000, 0x000000008d300000|  0%| F|  |TAMS 0x000000008d200000| PB 0x000000008d200000| Untracked 
|  45|0x000000008d300000, 0x000000008d300000, 0x000000008d400000|  0%| F|  |TAMS 0x000000008d300000| PB 0x000000008d300000| Untracked 
|  46|0x000000008d400000, 0x000000008d400000, 0x000000008d500000|  0%| F|  |TAMS 0x000000008d400000| PB 0x000000008d400000| Untracked 
|  47|0x000000008d500000, 0x000000008d500000, 0x000000008d600000|  0%| F|  |TAMS 0x000000008d500000| PB 0x000000008d500000| Untracked 
|  48|0x000000008d600000, 0x000000008d600000, 0x000000008d700000|  0%| F|  |TAMS 0x000000008d600000| PB 0x000000008d600000| Untracked 
|  49|0x000000008d700000, 0x000000008d700000, 0x000000008d800000|  0%| F|  |TAMS 0x000000008d700000| PB 0x000000008d700000| Untracked 
|  50|0x000000008d800000, 0x000000008d800000, 0x000000008d900000|  0%| F|  |TAMS 0x000000008d800000| PB 0x000000008d800000| Untracked 
|  51|0x000000008d900000, 0x000000008d900000, 0x000000008da00000|  0%| F|  |TAMS 0x000000008d900000| PB 0x000000008d900000| Untracked 
|  52|0x000000008da00000, 0x000000008da00000, 0x000000008db00000|  0%| F|  |TAMS 0x000000008da00000| PB 0x000000008da00000| Untracked 
|  53|0x000000008db00000, 0x000000008db00000, 0x000000008dc00000|  0%| F|  |TAMS 0x000000008db00000| PB 0x000000008db00000| Untracked 
|  54|0x000000008dc00000, 0x000000008dc00000, 0x000000008dd00000|  0%| F|  |TAMS 0x000000008dc00000| PB 0x000000008dc00000| Untracked 
|  55|0x000000008dd00000, 0x000000008dd00000, 0x000000008de00000|  0%| F|  |TAMS 0x000000008dd00000| PB 0x000000008dd00000| Untracked 
|  56|0x000000008de00000, 0x000000008de00000, 0x000000008df00000|  0%| F|  |TAMS 0x000000008de00000| PB 0x000000008de00000| Untracked 
|  57|0x000000008df00000, 0x000000008df00000, 0x000000008e000000|  0%| F|  |TAMS 0x000000008df00000| PB 0x000000008df00000| Untracked 
|  58|0x000000008e000000, 0x000000008e000000, 0x000000008e100000|  0%| F|  |TAMS 0x000000008e000000| PB 0x000000008e000000| Untracked 
|  59|0x000000008e100000, 0x000000008e100000, 0x000000008e200000|  0%| F|  |TAMS 0x000000008e100000| PB 0x000000008e100000| Untracked 
|  60|0x000000008e200000, 0x000000008e200000, 0x000000008e300000|  0%| F|  |TAMS 0x000000008e200000| PB 0x000000008e200000| Untracked 
|  61|0x000000008e300000, 0x000000008e300000, 0x000000008e400000|  0%| F|  |TAMS 0x000000008e300000| PB 0x000000008e300000| Untracked 
|  62|0x000000008e400000, 0x000000008e400000, 0x000000008e500000|  0%| F|  |TAMS 0x000000008e400000| PB 0x000000008e400000| Untracked 
|  63|0x000000008e500000, 0x000000008e500000, 0x000000008e600000|  0%| F|  |TAMS 0x000000008e500000| PB 0x000000008e500000| Untracked 
|  64|0x000000008e600000, 0x000000008e600000, 0x000000008e700000|  0%| F|  |TAMS 0x000000008e600000| PB 0x000000008e600000| Untracked 
|  65|0x000000008e700000, 0x000000008e700000, 0x000000008e800000|  0%| F|  |TAMS 0x000000008e700000| PB 0x000000008e700000| Untracked 
|  66|0x000000008e800000, 0x000000008e800000, 0x000000008e900000|  0%| F|  |TAMS 0x000000008e800000| PB 0x000000008e800000| Untracked 
|  67|0x000000008e900000, 0x000000008e900000, 0x000000008ea00000|  0%| F|  |TAMS 0x000000008e900000| PB 0x000000008e900000| Untracked 
|  68|0x000000008ea00000, 0x000000008ea00000, 0x000000008eb00000|  0%| F|  |TAMS 0x000000008ea00000| PB 0x000000008ea00000| Untracked 
|  69|0x000000008eb00000, 0x000000008eb00000, 0x000000008ec00000|  0%| F|  |TAMS 0x000000008eb00000| PB 0x000000008eb00000| Untracked 
|  70|0x000000008ec00000, 0x000000008ec00000, 0x000000008ed00000|  0%| F|  |TAMS 0x000000008ec00000| PB 0x000000008ec00000| Untracked 
|  71|0x000000008ed00000, 0x000000008ed00000, 0x000000008ee00000|  0%| F|  |TAMS 0x000000008ed00000| PB 0x000000008ed00000| Untracked 
|  72|0x000000008ee00000, 0x000000008ee00000, 0x000000008ef00000|  0%| F|  |TAMS 0x000000008ee00000| PB 0x000000008ee00000| Untracked 
|  73|0x000000008ef00000, 0x000000008ef00000, 0x000000008f000000|  0%| F|  |TAMS 0x000000008ef00000| PB 0x000000008ef00000| Untracked 
|  74|0x000000008f000000, 0x000000008f000000, 0x000000008f100000|  0%| F|  |TAMS 0x000000008f000000| PB 0x000000008f000000| Untracked 
|  75|0x000000008f100000, 0x000000008f100000, 0x000000008f200000|  0%| F|  |TAMS 0x000000008f100000| PB 0x000000008f100000| Untracked 
|  76|0x000000008f200000, 0x000000008f200000, 0x000000008f300000|  0%| F|  |TAMS 0x000000008f200000| PB 0x000000008f200000| Untracked 
|  77|0x000000008f300000, 0x000000008f300000, 0x000000008f400000|  0%| F|  |TAMS 0x000000008f300000| PB 0x000000008f300000| Untracked 
|  78|0x000000008f400000, 0x000000008f400000, 0x000000008f500000|  0%| F|  |TAMS 0x000000008f400000| PB 0x000000008f400000| Untracked 
|  79|0x000000008f500000, 0x000000008f500000, 0x000000008f600000|  0%| F|  |TAMS 0x000000008f500000| PB 0x000000008f500000| Untracked 
|  80|0x000000008f600000, 0x000000008f600000, 0x000000008f700000|  0%| F|  |TAMS 0x000000008f600000| PB 0x000000008f600000| Untracked 
|  81|0x000000008f700000, 0x000000008f700000, 0x000000008f800000|  0%| F|  |TAMS 0x000000008f700000| PB 0x000000008f700000| Untracked 
|  82|0x000000008f800000, 0x000000008f800000, 0x000000008f900000|  0%| F|  |TAMS 0x000000008f800000| PB 0x000000008f800000| Untracked 
|  83|0x000000008f900000, 0x000000008f900000, 0x000000008fa00000|  0%| F|  |TAMS 0x000000008f900000| PB 0x000000008f900000| Untracked 
|  84|0x000000008fa00000, 0x000000008fa00000, 0x000000008fb00000|  0%| F|  |TAMS 0x000000008fa00000| PB 0x000000008fa00000| Untracked 
|  85|0x000000008fb00000, 0x000000008fb00000, 0x000000008fc00000|  0%| F|  |TAMS 0x000000008fb00000| PB 0x000000008fb00000| Untracked 
|  86|0x000000008fc00000, 0x000000008fc00000, 0x000000008fd00000|  0%| F|  |TAMS 0x000000008fc00000| PB 0x000000008fc00000| Untracked 
|  87|0x000000008fd00000, 0x000000008fd00000, 0x000000008fe00000|  0%| F|  |TAMS 0x000000008fd00000| PB 0x000000008fd00000| Untracked 
|  88|0x000000008fe00000, 0x000000008fe00000, 0x000000008ff00000|  0%| F|  |TAMS 0x000000008fe00000| PB 0x000000008fe00000| Untracked 
|  89|0x000000008ff00000, 0x000000008ff00000, 0x0000000090000000|  0%| F|  |TAMS 0x000000008ff00000| PB 0x000000008ff00000| Untracked 
|  90|0x0000000090000000, 0x0000000090000000, 0x0000000090100000|  0%| F|  |TAMS 0x0000000090000000| PB 0x0000000090000000| Untracked 
|  91|0x0000000090100000, 0x0000000090100000, 0x0000000090200000|  0%| F|  |TAMS 0x0000000090100000| PB 0x0000000090100000| Untracked 
|  92|0x0000000090200000, 0x0000000090200000, 0x0000000090300000|  0%| F|  |TAMS 0x0000000090200000| PB 0x0000000090200000| Untracked 
|  93|0x0000000090300000, 0x0000000090300000, 0x0000000090400000|  0%| F|  |TAMS 0x0000000090300000| PB 0x0000000090300000| Untracked 
|  94|0x0000000090400000, 0x0000000090400000, 0x0000000090500000|  0%| F|  |TAMS 0x0000000090400000| PB 0x0000000090400000| Untracked 
|  95|0x0000000090500000, 0x0000000090500000, 0x0000000090600000|  0%| F|  |TAMS 0x0000000090500000| PB 0x0000000090500000| Untracked 
|  96|0x0000000090600000, 0x0000000090600000, 0x0000000090700000|  0%| F|  |TAMS 0x0000000090600000| PB 0x0000000090600000| Untracked 
|  97|0x0000000090700000, 0x0000000090700000, 0x0000000090800000|  0%| F|  |TAMS 0x0000000090700000| PB 0x0000000090700000| Untracked 
|  98|0x0000000090800000, 0x0000000090800000, 0x0000000090900000|  0%| F|  |TAMS 0x0000000090800000| PB 0x0000000090800000| Untracked 
|  99|0x0000000090900000, 0x0000000090900000, 0x0000000090a00000|  0%| F|  |TAMS 0x0000000090900000| PB 0x0000000090900000| Untracked 
| 100|0x0000000090a00000, 0x0000000090a00000, 0x0000000090b00000|  0%| F|  |TAMS 0x0000000090a00000| PB 0x0000000090a00000| Untracked 
| 101|0x0000000090b00000, 0x0000000090b00000, 0x0000000090c00000|  0%| F|  |TAMS 0x0000000090b00000| PB 0x0000000090b00000| Untracked 
| 102|0x0000000090c00000, 0x0000000090c00000, 0x0000000090d00000|  0%| F|  |TAMS 0x0000000090c00000| PB 0x0000000090c00000| Untracked 
| 103|0x0000000090d00000, 0x0000000090d00000, 0x0000000090e00000|  0%| F|  |TAMS 0x0000000090d00000| PB 0x0000000090d00000| Untracked 
| 104|0x0000000090e00000, 0x0000000090e00000, 0x0000000090f00000|  0%| F|  |TAMS 0x0000000090e00000| PB 0x0000000090e00000| Untracked 
| 105|0x0000000090f00000, 0x0000000090f76a90, 0x0000000091000000| 46%| E|  |TAMS 0x0000000090f00000| PB 0x0000000090f00000| Complete 
| 106|0x0000000091000000, 0x0000000091100000, 0x0000000091100000|100%| E|CS|TAMS 0x0000000091000000| PB 0x0000000091000000| Complete 
| 107|0x0000000091100000, 0x0000000091200000, 0x0000000091200000|100%| E|CS|TAMS 0x0000000091100000| PB 0x0000000091100000| Complete 
| 108|0x0000000091200000, 0x0000000091300000, 0x0000000091300000|100%| E|CS|TAMS 0x0000000091200000| PB 0x0000000091200000| Complete 
| 109|0x0000000091300000, 0x0000000091400000, 0x0000000091400000|100%| E|CS|TAMS 0x0000000091300000| PB 0x0000000091300000| Complete 
| 110|0x0000000091400000, 0x0000000091500000, 0x0000000091500000|100%| E|CS|TAMS 0x0000000091400000| PB 0x0000000091400000| Complete 
| 111|0x0000000091500000, 0x0000000091600000, 0x0000000091600000|100%| E|CS|TAMS 0x0000000091500000| PB 0x0000000091500000| Complete 
| 112|0x0000000091600000, 0x0000000091700000, 0x0000000091700000|100%| E|CS|TAMS 0x0000000091600000| PB 0x0000000091600000| Complete 
| 113|0x0000000091700000, 0x0000000091800000, 0x0000000091800000|100%| E|CS|TAMS 0x0000000091700000| PB 0x0000000091700000| Complete 
| 114|0x0000000091800000, 0x0000000091900000, 0x0000000091900000|100%| E|CS|TAMS 0x0000000091800000| PB 0x0000000091800000| Complete 
| 115|0x0000000091900000, 0x0000000091a00000, 0x0000000091a00000|100%| E|CS|TAMS 0x0000000091900000| PB 0x0000000091900000| Complete 
| 116|0x0000000091a00000, 0x0000000091b00000, 0x0000000091b00000|100%| E|CS|TAMS 0x0000000091a00000| PB 0x0000000091a00000| Complete 
| 117|0x0000000091b00000, 0x0000000091c00000, 0x0000000091c00000|100%| E|CS|TAMS 0x0000000091b00000| PB 0x0000000091b00000| Complete 

Card table byte_map: [0x000001211b580000,0x000001211b930000] _byte_map_base: 0x000001211b12d000

Marking Bits: (CMBitMap*) 0x000001210386c8e0
 Bits: [0x000001211b930000, 0x000001211d698000)

Polling page: 0x00000121017d0000

Metaspace:

Usage:
  Non-class:      6.51 MB used.
      Class:    812.25 KB used.
       Both:      7.30 MB used.

Virtual space:
  Non-class space:       64.00 MB reserved,       6.62 MB ( 10%) committed,  1 nodes.
      Class space:        1.00 GB reserved,     960.00 KB ( <1%) committed,  1 nodes.
             Both:        1.06 GB reserved,       7.56 MB ( <1%) committed. 

Chunk freelists:
   Non-Class:  8.98 MB
       Class:  15.11 MB
        Both:  24.08 MB

MaxMetaspaceSize: unlimited
CompressedClassSpaceSize: 1.00 GB
Initial GC threshold: 21.00 MB
Current GC threshold: 21.00 MB
CDS: on
 - commit_granule_bytes: 65536.
 - commit_granule_words: 8192.
 - virtual_space_node_default_size: 8388608.
 - enlarge_chunks_in_place: 1.
 - use_allocation_guard: 0.


Internal statistics:

num_allocs_failed_limit: 0.
num_arena_births: 156.
num_arena_deaths: 0.
num_vsnodes_births: 2.
num_vsnodes_deaths: 0.
num_space_committed: 121.
num_space_uncommitted: 0.
num_chunks_returned_to_freelist: 0.
num_chunks_taken_from_freelist: 231.
num_chunk_merges: 0.
num_chunk_splits: 123.
num_chunks_enlarged: 31.
num_inconsistent_stats: 0.

CodeHeap 'non-profiled nmethods': size=120000Kb used=279Kb max_used=279Kb free=119720Kb
 bounds [0x0000012113750000, 0x00000121139c0000, 0x000001211ac80000]
CodeHeap 'profiled nmethods': size=120000Kb used=1386Kb max_used=1386Kb free=118613Kb
 bounds [0x000001210bc80000, 0x000001210bef0000, 0x00000121131b0000]
CodeHeap 'non-nmethods': size=5760Kb used=1505Kb max_used=1521Kb free=4254Kb
 bounds [0x00000121131b0000, 0x0000012113420000, 0x0000012113750000]
 total_blobs=1463 nmethods=881 adapters=487
 compilation: enabled
              stopped_count=0, restarted_count=0
 full_count=0

Compilation events (20 events):
Event: 0.382 Thread 0x00000121203215e0  795       1       sun.java2d.loops.GraphicsPrimitive::getUniqueID (5 bytes)
Event: 0.382 Thread 0x00000121203215e0 nmethod 795 0x0000012113790290 code [0x0000012113790420, 0x00000121137904e8]
Event: 0.382 Thread 0x00000121203215e0  796       3       java.lang.Integer::compare (20 bytes)
Event: 0.382 Thread 0x00000121203215e0 nmethod 796 0x000001210bdb9990 code [0x000001210bdb9b40, 0x000001210bdb9d18]
Event: 0.382 Thread 0x00000121203215e0  798       3       sun.java2d.loops.GraphicsPrimitiveMgr$1::compare (18 bytes)
Event: 0.382 Thread 0x00000121203215e0 nmethod 798 0x000001210bdb9d90 code [0x000001210bdb9f60, 0x000001210bdba1f0]
Event: 0.382 Thread 0x00000121203215e0  797       3       sun.java2d.loops.GraphicsPrimitiveMgr$1::compare (13 bytes)
Event: 0.382 Thread 0x00000121203215e0 nmethod 797 0x000001210bdba310 code [0x000001210bdba4e0, 0x000001210bdba9b8]
Event: 0.382 Thread 0x00000121676c27b0  799       4       sun.java2d.loops.GraphicsPrimitiveMgr$1::compare (13 bytes)
Event: 0.382 Thread 0x00000121203215e0  800       3       sun.java2d.loops.GraphicsPrimitiveMgr$2::compare (24 bytes)
Event: 0.383 Thread 0x00000121203215e0 nmethod 800 0x000001210bdbab10 code [0x000001210bdbace0, 0x000001210bdbb148]
Event: 0.383 Thread 0x00000121203215e0  802       1       sun.java2d.loops.CompositeType::getSuperType (5 bytes)
Event: 0.383 Thread 0x00000121203215e0 nmethod 802 0x0000012113790590 code [0x0000012113790720, 0x00000121137907e8]
Event: 0.383 Thread 0x00000121203215e0  803       3       java.util.Arrays::binarySearch0 (95 bytes)
Event: 0.383 Thread 0x00000121203215e0 nmethod 803 0x000001210bdbb290 code [0x000001210bdbb480, 0x000001210bdbb8a0]
Event: 0.383 Thread 0x00000121203215e0  804       3       sun.java2d.loops.GraphicsPrimitiveMgr::locate (104 bytes)
Event: 0.383 Thread 0x00000121203215e0 nmethod 804 0x000001210bdbba90 code [0x000001210bdbbce0, 0x000001210bdbc728]
Event: 0.383 Thread 0x00000121203215e0  805       3       java.util.Arrays::binarySearch (10 bytes)
Event: 0.383 Thread 0x00000121203215e0 nmethod 805 0x000001210bdbc990 code [0x000001210bdbcb40, 0x000001210bdbcc70]
Event: 0.383 Thread 0x00000121203215e0  806       1       sun.java2d.loops.SurfaceType::getSuperType (5 bytes)

GC Heap History (0 events):
No events

Dll operation events (6 events):
Event: 0.007 Loaded shared library C:\Program Files\Java\jdk-21\bin\java.dll
Event: 0.034 Loaded shared library C:\Program Files\Java\jdk-21\bin\jsvml.dll
Event: 0.057 Loaded shared library C:\Program Files\Java\jdk-21\bin\jimage.dll
Event: 0.082 Loaded shared library C:\Program Files\Java\jdk-21\bin\awt.dll
Event: 0.141 Loaded shared library C:\Program Files\Java\jdk-21\bin\javaaccessbridge.dll
Event: 0.221 Loaded shared library C:\Program Files\Java\jdk-21\bin\zip.dll

Deoptimization events (20 events):
Event: 0.350 Thread 0x0000012167653f50 DEOPT PACKING pc=0x000001210bd8942d sp=0x000000014f1fee40
Event: 0.350 Thread 0x0000012167653f50 DEOPT UNPACKING pc=0x0000012113204e42 sp=0x000000014f1fe2b0 mode 0
Event: 0.350 Thread 0x0000012167653f50 DEOPT PACKING pc=0x000001210bd8942d sp=0x000000014f1fee40
Event: 0.350 Thread 0x0000012167653f50 DEOPT UNPACKING pc=0x0000012113204e42 sp=0x000000014f1fe2b0 mode 0
Event: 0.350 Thread 0x0000012167653f50 DEOPT PACKING pc=0x000001210bd8942d sp=0x000000014f1fee40
Event: 0.350 Thread 0x0000012167653f50 DEOPT UNPACKING pc=0x0000012113204e42 sp=0x000000014f1fe2b0 mode 0
Event: 0.350 Thread 0x0000012167653f50 DEOPT PACKING pc=0x000001210bd8942d sp=0x000000014f1fee40
Event: 0.350 Thread 0x0000012167653f50 DEOPT UNPACKING pc=0x0000012113204e42 sp=0x000000014f1fe2b0 mode 0
Event: 0.350 Thread 0x0000012167653f50 DEOPT PACKING pc=0x000001210bd8942d sp=0x000000014f1fee40
Event: 0.350 Thread 0x0000012167653f50 DEOPT UNPACKING pc=0x0000012113204e42 sp=0x000000014f1fe2b0 mode 0
Event: 0.350 Thread 0x0000012167653f50 DEOPT PACKING pc=0x000001210bd8942d sp=0x000000014f1fee40
Event: 0.350 Thread 0x0000012167653f50 DEOPT UNPACKING pc=0x0000012113204e42 sp=0x000000014f1fe2b0 mode 0
Event: 0.375 Thread 0x000001212075ff70 Uncommon trap: trap_request=0xffffff45 fr.pc=0x000001211378a8f8 relative=0x0000000000000158
Event: 0.375 Thread 0x000001212075ff70 Uncommon trap: reason=unstable_if action=reinterpret pc=0x000001211378a8f8 method=java.util.concurrent.locks.ReentrantLock$NonfairSync.initialTryLock()Z @ 10 c2
Event: 0.375 Thread 0x000001212075ff70 DEOPT PACKING pc=0x000001211378a8f8 sp=0x000000014edfc500
Event: 0.375 Thread 0x000001212075ff70 DEOPT UNPACKING pc=0x00000121132046a2 sp=0x000000014edfc4a8 mode 2
Event: 0.375 Thread 0x000001212075ff70 Uncommon trap: trap_request=0xffffff45 fr.pc=0x000001211378ac6c relative=0x00000000000000cc
Event: 0.375 Thread 0x000001212075ff70 Uncommon trap: reason=unstable_if action=reinterpret pc=0x000001211378ac6c method=java.util.concurrent.locks.ReentrantLock$Sync.tryRelease(I)Z @ 26 c2
Event: 0.375 Thread 0x000001212075ff70 DEOPT PACKING pc=0x000001211378ac6c sp=0x000000014edfc500
Event: 0.375 Thread 0x000001212075ff70 DEOPT UNPACKING pc=0x00000121132046a2 sp=0x000000014edfc4a0 mode 2

Classes loaded (20 events):
Event: 0.380 Loading class sun/java2d/loops/GraphicsPrimitiveProxy
Event: 0.380 Loading class sun/java2d/loops/GraphicsPrimitiveProxy done
Event: 0.380 Loading class sun/java2d/loops/GeneralRenderer
Event: 0.381 Loading class sun/java2d/loops/GeneralRenderer done
Event: 0.381 Loading class sun/java2d/loops/GraphicsPrimitiveMgr$1
Event: 0.381 Loading class sun/java2d/loops/GraphicsPrimitiveMgr$1 done
Event: 0.381 Loading class sun/java2d/loops/GraphicsPrimitiveMgr$2
Event: 0.381 Loading class sun/java2d/loops/GraphicsPrimitiveMgr$2 done
Event: 0.381 Loading class sun/java2d/windows/GDIRenderer
Event: 0.381 Loading class sun/java2d/windows/GDIRenderer done
Event: 0.382 Loading class sun/java2d/loops/RenderLoops
Event: 0.382 Loading class sun/java2d/loops/RenderLoops done
Event: 0.382 Loading class sun/java2d/loops/GraphicsPrimitiveMgr$PrimitiveSpec
Event: 0.382 Loading class sun/java2d/loops/GraphicsPrimitiveMgr$PrimitiveSpec done
Event: 0.383 Loading class sun/java2d/loops/DrawGlyphListColor
Event: 0.383 Loading class sun/java2d/loops/DrawGlyphListColor done
Event: 0.383 Loading class sun/java2d/loops/DrawGlyphListColor$General
Event: 0.383 Loading class sun/java2d/loops/DrawGlyphListColor$General done
Event: 0.383 Loading class sun/java2d/loops/Blit$GeneralMaskBlit
Event: 0.383 Loading class sun/java2d/loops/Blit$GeneralMaskBlit done

Classes unloaded (0 events):
No events

Classes redefined (0 events):
No events

Internal exceptions (11 events):
Event: 0.063 Thread 0x000001210155a160 Exception <a 'java/lang/ClassNotFoundException'{0x0000000091a4ef50}: sun/awt/resources/spi/awtProvider> (0x0000000091a4ef50) 
thrown [s\open\src\hotspot\share\classfile\systemDictionary.cpp, line 312]
Event: 0.144 Thread 0x000001210155a160 Exception <a 'java/lang/ClassNotFoundException'{0x00000000919ab2d0}: com/sun/accessibility/internal/resources/spi/accessibilityProvider> (0x00000000919ab2d0) 
thrown [s\open\src\hotspot\share\classfile\systemDictionary.cpp, line 312]
Event: 0.159 Thread 0x000001210155a160 Exception <a 'java/lang/NoSuchMethodError'{0x000000009187ce28}: 'void java.lang.invoke.DirectMethodHandle$Holder.invokeStatic(java.lang.Object, java.lang.Object)'> (0x000000009187ce28) 
thrown [s\open\src\hotspot\share\interpreter\linkResolver.cpp, line 773]
Event: 0.170 Thread 0x000001210155a160 Exception <a 'java/lang/NoSuchMethodError'{0x000000009189d198}: 'void java.lang.invoke.DirectMethodHandle$Holder.invokeSpecial(java.lang.Object, java.lang.Object, java.lang.Object)'> (0x000000009189d198) 
thrown [s\open\src\hotspot\share\interpreter\linkResolver.cpp, line 773]
Event: 0.176 Thread 0x000001210155a160 Exception <a 'java/lang/NoSuchMethodError'{0x00000000918c2570}: 'java.lang.Object java.lang.invoke.DirectMethodHandle$Holder.newInvokeSpecial(java.lang.Object, java.lang.Object, java.lang.Object, java.lang.Object, java.lang.Object)'> (0x00000000918c2570) 
thrown [s\open\src\hotspot\share\interpreter\linkResolver.cpp, line 773]
Event: 0.180 Thread 0x000001210155a160 Exception <a 'java/lang/NoSuchMethodError'{0x0000000091702b38}: 'java.lang.Object java.lang.invoke.DirectMethodHandle$Holder.invokeStatic(java.lang.Object, int, java.lang.Object)'> (0x0000000091702b38) 
thrown [s\open\src\hotspot\share\interpreter\linkResolver.cpp, line 773]
Event: 0.194 Thread 0x000001210155a160 Exception <a 'java/lang/ClassNotFoundException'{0x0000000091617e28}: com/sun/swing/internal/plaf/metal/resources/spi/metalProvider> (0x0000000091617e28) 
thrown [s\open\src\hotspot\share\classfile\systemDictionary.cpp, line 312]
Event: 0.195 Thread 0x000001210155a160 Exception <a 'java/lang/ClassNotFoundException'{0x000000009161bdb8}: com/sun/swing/internal/plaf/basic/resources/spi/basicProvider> (0x000000009161bdb8) 
thrown [s\open\src\hotspot\share\classfile\systemDictionary.cpp, line 312]
Event: 0.202 Thread 0x000001210155a160 Exception <a 'java/lang/NoSuchMethodError'{0x000000009163b198}: 'int java.lang.invoke.Invokers$Holder.invokeExact_MT(java.lang.Object, java.lang.Object)'> (0x000000009163b198) 
thrown [s\open\src\hotspot\share\interpreter\linkResolver.cpp, line 773]
Event: 0.249 Thread 0x0000012120809e40 Exception <a 'java/lang/NoSuchMethodError'{0x000000009141e228}: 'java.lang.Object java.lang.invoke.DirectMethodHandle$Holder.newInvokeSpecial(java.lang.Object, java.lang.Object, java.lang.Object, int, int, int, int, int)'> (0x000000009141e228) 
thrown [s\open\src\hotspot\share\interpreter\linkResolver.cpp, line 773]
Event: 0.374 Thread 0x000001212075ff70 Exception <a 'java/lang/NoSuchMethodError'{0x000000009180e618}: 'void java.lang.invoke.DirectMethodHandle$Holder.invokeVirtual(java.lang.Object, java.lang.Object)'> (0x000000009180e618) 
thrown [s\open\src\hotspot\share\interpreter\linkResolver.cpp, line 773]

ZGC Phase Switch (0 events):
No events

VM Operations (6 events):
Event: 0.143 Executing VM operation: HandshakeAllThreads (Deoptimize)
Event: 0.143 Executing VM operation: HandshakeAllThreads (Deoptimize) done
Event: 0.239 Executing VM operation: HandshakeAllThreads (Deoptimize)
Event: 0.239 Executing VM operation: HandshakeAllThreads (Deoptimize) done
Event: 0.363 Executing VM operation: HandshakeAllThreads (Deoptimize)
Event: 0.364 Executing VM operation: HandshakeAllThreads (Deoptimize) done

Events (20 events):
Event: 0.021 Thread 0x000001210155a160 Thread added: 0x000001210155a160
Event: 0.032 Thread 0x00000121202ed250 Thread added: 0x00000121202ed250
Event: 0.032 Thread 0x00000121202edf70 Thread added: 0x00000121202edf70
Event: 0.032 Thread 0x00000121202f2150 Thread added: 0x00000121202f2150
Event: 0.032 Thread 0x00000121202f3040 Thread added: 0x00000121202f3040
Event: 0.032 Thread 0x000001212031bac0 Thread added: 0x000001212031bac0
Event: 0.032 Thread 0x000001212031c650 Thread added: 0x000001212031c650
Event: 0.032 Thread 0x0000012120320a10 Thread added: 0x0000012120320a10
Event: 0.032 Thread 0x00000121203215e0 Thread added: 0x00000121203215e0
Event: 0.043 Thread 0x000001212057caa0 Thread added: 0x000001212057caa0
Event: 0.045 Thread 0x0000012120587ed0 Thread added: 0x0000012120587ed0
Event: 0.127 Thread 0x0000012120754a40 Thread added: 0x0000012120754a40
Event: 0.128 Thread 0x000001212075b3e0 Thread added: 0x000001212075b3e0
Event: 0.129 Thread 0x000001212075ff70 Thread added: 0x000001212075ff70
Event: 0.149 Thread 0x00000121207a76f0 Thread added: 0x00000121207a76f0
Event: 0.157 Thread 0x00000121207b4000 Thread added: 0x00000121207b4000
Event: 0.207 Thread 0x0000012120809e40 Thread added: 0x0000012120809e40
Event: 0.308 Thread 0x0000012167653f50 Thread added: 0x0000012167653f50
Event: 0.336 Thread 0x00000121676c27b0 Thread added: 0x00000121676c27b0
Event: 0.375 Thread 0x00000121677160a0 Thread added: 0x00000121677160a0


Dynamic libraries:
0x00007ff793760000 - 0x00007ff793770000 	C:\Program Files\Java\jdk-21\bin\java.exe
0x00007ffb626f0000 - 0x00007ffb62907000 	C:\WINDOWS\SYSTEM32\ntdll.dll
0x00007ffb60560000 - 0x00007ffb60624000 	C:\WINDOWS\System32\KERNEL32.DLL
0x00007ffb5fa50000 - 0x00007ffb5fe22000 	C:\WINDOWS\System32\KERNELBASE.dll
0x00007ffb60190000 - 0x00007ffb602a1000 	C:\WINDOWS\System32\ucrtbase.dll
0x00007ffb3a6c0000 - 0x00007ffb3a6db000 	C:\Program Files\Java\jdk-21\bin\VCRUNTIME140.dll
0x00007ffb34250000 - 0x00007ffb34269000 	C:\Program Files\Java\jdk-21\bin\jli.dll
0x00007ffb62050000 - 0x00007ffb62101000 	C:\WINDOWS\System32\ADVAPI32.dll
0x00007ffb62380000 - 0x00007ffb62427000 	C:\WINDOWS\System32\msvcrt.dll
0x00007ffb61560000 - 0x00007ffb61608000 	C:\WINDOWS\System32\sechost.dll
0x00007ffb60350000 - 0x00007ffb60378000 	C:\WINDOWS\System32\bcrypt.dll
0x00007ffb60710000 - 0x00007ffb60827000 	C:\WINDOWS\System32\RPCRT4.dll
0x00007ffb603a0000 - 0x00007ffb60551000 	C:\WINDOWS\System32\USER32.dll
0x00007ffb60160000 - 0x00007ffb60186000 	C:\WINDOWS\System32\win32u.dll
0x00007ffb498a0000 - 0x00007ffb49b3b000 	C:\WINDOWS\WinSxS\amd64_microsoft.windows.common-controls_6595b64144ccf1df_6.0.22621.5697_none_27154c497380d676\COMCTL32.dll
0x00007ffb60f20000 - 0x00007ffb60f49000 	C:\WINDOWS\System32\GDI32.dll
0x00007ffb5f7e0000 - 0x00007ffb5f903000 	C:\WINDOWS\System32\gdi32full.dll
0x00007ffb602b0000 - 0x00007ffb6034a000 	C:\WINDOWS\System32\msvcp_win.dll
0x00007ffb5af40000 - 0x00007ffb5af4a000 	C:\WINDOWS\SYSTEM32\VERSION.dll
0x00007ffb608a0000 - 0x00007ffb608d1000 	C:\WINDOWS\System32\IMM32.DLL
0x00007ffb3a6b0000 - 0x00007ffb3a6bc000 	C:\Program Files\Java\jdk-21\bin\vcruntime140_1.dll
0x00007ffb30d30000 - 0x00007ffb30dbe000 	C:\Program Files\Java\jdk-21\bin\msvcp140.dll
0x00007ffad70c0000 - 0x00007ffad7dd7000 	C:\Program Files\Java\jdk-21\bin\server\jvm.dll
0x00007ffb62300000 - 0x00007ffb62371000 	C:\WINDOWS\System32\WS2_32.dll
0x00007ffb5e5d0000 - 0x00007ffb5e61d000 	C:\WINDOWS\SYSTEM32\POWRPROF.dll
0x00007ffb5b7f0000 - 0x00007ffb5b824000 	C:\WINDOWS\SYSTEM32\WINMM.dll
0x00007ffb5e5b0000 - 0x00007ffb5e5c3000 	C:\WINDOWS\SYSTEM32\UMPDC.dll
0x00007ffb5e870000 - 0x00007ffb5e888000 	C:\WINDOWS\SYSTEM32\kernel.appcore.dll
0x00007ffb31860000 - 0x00007ffb3186a000 	C:\Program Files\Java\jdk-21\bin\jimage.dll
0x00007ffb575f0000 - 0x00007ffb57823000 	C:\WINDOWS\SYSTEM32\DBGHELP.DLL
0x00007ffb61060000 - 0x00007ffb613f2000 	C:\WINDOWS\System32\combase.dll
0x00007ffb60630000 - 0x00007ffb60708000 	C:\WINDOWS\System32\OLEAUT32.dll
0x00007ffb48de0000 - 0x00007ffb48e12000 	C:\WINDOWS\SYSTEM32\dbgcore.DLL
0x00007ffb600e0000 - 0x00007ffb6015b000 	C:\WINDOWS\System32\bcryptPrimitives.dll
0x00007ffb31840000 - 0x00007ffb3185f000 	C:\Program Files\Java\jdk-21\bin\java.dll
0x00007ffb61680000 - 0x00007ffb61f21000 	C:\WINDOWS\System32\SHELL32.dll
0x00007ffb5f910000 - 0x00007ffb5fa4f000 	C:\WINDOWS\System32\wintypes.dll
0x00007ffb5d680000 - 0x00007ffb5df9a000 	C:\WINDOWS\SYSTEM32\windows.storage.dll
0x00007ffb61f40000 - 0x00007ffb6204b000 	C:\WINDOWS\System32\SHCORE.dll
0x00007ffb60980000 - 0x00007ffb609e9000 	C:\WINDOWS\System32\shlwapi.dll
0x00007ffb5f710000 - 0x00007ffb5f73b000 	C:\WINDOWS\SYSTEM32\profapi.dll
0x00007ffb289d0000 - 0x00007ffb28aa7000 	C:\Program Files\Java\jdk-21\bin\jsvml.dll
0x00007ffb031f0000 - 0x00007ffb0337f000 	C:\Program Files\Java\jdk-21\bin\awt.dll
0x00007ffb5af70000 - 0x00007ffb5b007000 	C:\WINDOWS\SYSTEM32\apphelp.dll
0x00007ffb5cf50000 - 0x00007ffb5cf7b000 	C:\WINDOWS\system32\DWMAPI.DLL
0x00007ffb5cd00000 - 0x00007ffb5cdb4000 	C:\WINDOWS\system32\uxtheme.dll
0x00007ffaf3410000 - 0x00007ffaf3510000 	C:\WINDOWS\system32\opengl32.dll
0x00007ffaf2ef0000 - 0x00007ffaf2f1d000 	C:\WINDOWS\SYSTEM32\GLU32.dll
0x00007ffb5cfc0000 - 0x00007ffb5cff7000 	C:\WINDOWS\SYSTEM32\dxcore.dll
0x00007ffb61400000 - 0x00007ffb61560000 	C:\WINDOWS\System32\MSCTF.dll
0x00007ffb62110000 - 0x00007ffb622b0000 	C:\WINDOWS\System32\ole32.dll
0x00007ffb30a10000 - 0x00007ffb30a5a000 	C:\Program Files\Java\jdk-21\bin\javaaccessbridge.dll
0x00007ffb30d20000 - 0x00007ffb30d27000 	C:\Program Files\Java\jdk-21\bin\jawt.dll
0x00007ffb309f0000 - 0x00007ffb30a08000 	C:\Program Files\Java\jdk-21\bin\zip.dll
0x00007ffb0b300000 - 0x00007ffb0b387000 	C:\Program Files\Java\jdk-21\bin\freetype.dll
0x00007ffae0630000 - 0x00007ffae0712000 	C:\Program Files\Java\jdk-21\bin\fontmanager.dll
0x00007ffb609f0000 - 0x00007ffb60aa0000 	C:\WINDOWS\System32\clbcatq.dll
0x00007ffb5cac0000 - 0x00007ffb5cc71000 	C:\WINDOWS\SYSTEM32\WindowsCodecs.dll

dbghelp: loaded successfully - version: 4.0.5 - missing functions: none
symbol engine: initialized successfully - sym options: 0x614 - pdb path: .;C:\Program Files\Java\jdk-21\bin;C:\WINDOWS\SYSTEM32;C:\WINDOWS\WinSxS\amd64_microsoft.windows.common-controls_6595b64144ccf1df_6.0.22621.5697_none_27154c497380d676;C:\Program Files\Java\jdk-21\bin\server

VM Arguments:
java_command: chatting.application.Server
java_class_path (initial): .
Launcher Type: SUN_STANDARD

[Global flags]
     intx CICompilerCount                          = 4                                         {product} {ergonomic}
     uint ConcGCThreads                            = 3                                         {product} {ergonomic}
     uint G1ConcRefinementThreads                  = 10                                        {product} {ergonomic}
   size_t G1HeapRegionSize                         = 1048576                                   {product} {ergonomic}
    uintx GCDrainStackTargetSize                   = 64                                        {product} {ergonomic}
   size_t InitialHeapSize                          = 123731968                                 {product} {ergonomic}
   size_t MarkStackSize                            = 4194304                                   {product} {ergonomic}
   size_t MaxHeapSize                              = 1973420032                                {product} {ergonomic}
   size_t MaxNewSize                               = 1183842304                                {product} {ergonomic}
   size_t MinHeapDeltaBytes                        = 1048576                                   {product} {ergonomic}
   size_t MinHeapSize                              = 8388608                                   {product} {ergonomic}
    uintx NonNMethodCodeHeapSize                   = 5839372                                {pd product} {ergonomic}
    uintx NonProfiledCodeHeapSize                  = 122909434                              {pd product} {ergonomic}
    uintx ProfiledCodeHeapSize                     = 122909434                              {pd product} {ergonomic}
    uintx ReservedCodeCacheSize                    = 251658240                              {pd product} {ergonomic}
     bool SegmentedCodeCache                       = true                                      {product} {ergonomic}
   size_t SoftMaxHeapSize                          = 1973420032                             {manageable} {ergonomic}
     bool UseCompressedOops                        = true                           {product lp64_product} {ergonomic}
     bool UseG1GC                                  = true                                      {product} {ergonomic}
     bool UseLargePagesIndividualAllocation        = false                                  {pd product} {ergonomic}

Logging:
Log output configuration:
 #0: stdout all=warning uptime,level,tags foldmultilines=false
 #1: stderr all=off uptime,level,tags foldmultilines=false

Environment Variables:
PATH=C:\Program Files\Common Files\Oracle\Java\javapath;C:\Program Files (x86)\Common Files\Oracle\Java\java8path;C:\Program Files (x86)\Common Files\Oracle\Java\javapath;C:\windows\system32;C:\windows;C:\windows\System32\Wbem;C:\windows\System32\WindowsPowerShell\v1.0\;C:\windows\System32\OpenSSH\;C:\Program Files (x86)\NVIDIA Corporation\PhysX\Common;C:\Program Files\NVIDIA Corporation\NVIDIA NvDLISR;C:\WINDOWS\system32;C:\WINDOWS;C:\WINDOWS\System32\Wbem;C:\WINDOWS\System32\WindowsPowerShell\v1.0\;C:\WINDOWS\System32\OpenSSH\;C:\MinGW\bin;C:\Program Files\nodejs\;C:\Program Files\Git\cmd;C:\Program Files\dotnet\;;C:\Program Files\Docker\Docker\resources\bin;C:\Users\Anshul Dhiman\AppData\Local\Programs\Python\Python313\Scripts\;C:\Users\Anshul Dhiman\AppData\Local\Programs\Python\Python313\;C:\Users\Anshul Dhiman\AppData\Local\Programs\Python\Launcher\;C:\Users\Anshul Dhiman\AppData\Local\Microsoft\WindowsApps;;C:\Users\Anshul Dhiman\AppData\Local\Programs\Microsoft VS Code\bin;C:\Users\Anshul Dhiman\AppData\Roaming\npm
USERNAME=Anshul Dhiman
LANG=en_US.UTF-8
OS=Windows_NT
PROCESSOR_IDENTIFIER=AMD64 Family 25 Model 80 Stepping 0, AuthenticAMD
TMP=C:\Users\ANSHUL~1\AppData\Local\Temp
TEMP=C:\Users\ANSHUL~1\AppData\Local\Temp




Periodic native trim disabled

---------------  S Y S T E M  ---------------

OS:
 Windows 11 , 64 bit Build 22621 (10.0.22621.5415)
OS uptime: 0 days 4:35 hours
Hyper-V role detected

CPU: total 12 (initial active 12) (12 cores per cpu, 2 threads per core) family 25 model 80 stepping 0 microcode 0x0, cx8, cmov, fxsr, ht, mmx, 3dnowpref, sse, sse2, sse3, ssse3, sse4a, sse4.1, sse4.2, popcnt, lzcnt, tsc, tscinvbit, avx, avx2, aes, erms, clmul, bmi1, bmi2, adx, sha, fma, vzeroupper, clflush, clflushopt, hv, rdtscp, rdpid, fsrm, f16c, cet_ss
Processor Information for processor 0
  Max Mhz: 3301, Current Mhz: 3301, Mhz Limit: 3301
Processor Information for processor 1
  Max Mhz: 3301, Current Mhz: 3301, Mhz Limit: 3301
Processor Information for processor 2
  Max Mhz: 3301, Current Mhz: 3301, Mhz Limit: 3301
Processor Information for processor 3
  Max Mhz: 3301, Current Mhz: 2630, Mhz Limit: 3301
Processor Information for processor 4
  Max Mhz: 3301, Current Mhz: 3301, Mhz Limit: 3301
Processor Information for processor 5
  Max Mhz: 3301, Current Mhz: 3301, Mhz Limit: 3301
Processor Information for processor 6
  Max Mhz: 3301, Current Mhz: 3301, Mhz Limit: 3301
Processor Information for processor 7
  Max Mhz: 3301, Current Mhz: 2630, Mhz Limit: 3301
Processor Information for processor 8
  Max Mhz: 3301, Current Mhz: 2630, Mhz Limit: 3301
Processor Information for processor 9
  Max Mhz: 3301, Current Mhz: 3301, Mhz Limit: 3301
Processor Information for processor 10
  Max Mhz: 3301, Current Mhz: 3301, Mhz Limit: 3301
Processor Information for processor 11
  Max Mhz: 3301, Current Mhz: 3301, Mhz Limit: 3301

Memory: 4k page, system-wide physical 7521M (673M free)
TotalPageFile size 13451M (AvailPageFile size 3M)
current process WorkingSet (physical memory assigned to process): 76M, peak: 76M
current process commit charge ("private bytes"): 224M, peak: 225M

vm_info: Java HotSpot(TM) 64-Bit Server VM (21.0.2+13-LTS-58) for windows-amd64 JRE (21.0.2+13-LTS-58), built on 2024-01-05T18:32:24Z by "mach5one" with MS VC++ 17.1 (VS2022)

END.
