#
# A fatal error has been detected by the Java Runtime Environment:
#
#  EXCEPTION_ACCESS_VIOLATION (0xc0000005) at pc=0x00007ffb28411bc5, pid=16896, tid=13656
#
# JRE version:  (21.0.2+13) (build )
# Java VM: Java HotSpot(TM) 64-Bit Server VM (21.0.2+13-LTS-58, mixed mode, sharing, tiered, compressed class ptrs, unknown gc, windows-amd64)
# Problematic frame:
# C  [jimage.dll+0x1bc5]
#
# No core dump will be written. Minidumps are not enabled by default on client versions of Windows
#
#

---------------  S U M M A R Y ------------

Command Line: 

Host: AMD Ryzen 5 5600H with Radeon Graphics         , 12 cores, 7G,  Windows 11 , 64 bit Build 22621 (10.0.22621.5415)
Time: Wed Jul 30 17:11:43 2025 India Standard Time elapsed time: 0.027621 seconds (0d 0h 0m 0s)

---------------  T H R E A D  ---------------

Current thread is native thread

Stack: [0x000000756fa00000,0x000000756fb00000],  sp=0x000000756fafd520,  free space=1013k
Native frames: (J=compiled Java code, j=interpreted, Vv=VM code, C=native code)
C  [jimage.dll+0x1bc5]


siginfo: EXCEPTION_ACCESS_VIOLATION (0xc0000005), reading address 0x000000000000c07c


Registers:
RAX=0x0000000000003018, RBX=0x000000756fafd611, RCX=0x00007ffb28416000, RDX=0x0000000000003018
RSP=0x000000756fafd520, RBP=0x000000756fafd610, RSI=0x0000000000007714, RDI=0x000000756fafd610
R8 =0x00007ffb28414298, R9 =0x000000000000001c, R10=0x00007ffb28a50000, R11=0x00007ffb28416000
R12=0x0000000000000000, R13=0x000000756faffa90, R14=0x000000756fafe680, R15=0x00007ffaf91e39e0
RIP=0x00007ffb28411bc5, EFLAGS=0x0000000000010212


Top of Stack: (sp=0x000000756fafd520)
0x000000756fafd520:   000001fcd4f90b28 00000000000000c0
0x000000756fafd530:   000001fcd4f90b40 000001fcd4f90afc
0x000000756fafd540:   000001fcd513d060 00007ffb28411d53
0x000000756fafd550:   000000000000000b 000001fcd513d060
0x000000756fafd560:   000001fcd4f80000 0000000000000002
0x000000756fafd570:   0000000200000101 0000000000000000
0x000000756fafd580:   00007ffb62759e20 00000000000004b4
0x000000756fafd590:   000000756fafd6f8 000000756fafd720
0x000000756fafd5a0:   0000000000000002 ffffffffffffffff
0x000000756fafd5b0:   0000de75a9647b0a 0000150c659f0f76
0x000000756fafd5c0:   00007ffaf91c1460 0000000000000017
0x000000756fafd5d0:   000001fcd513d060 000000756fafe680
0x000000756fafd5e0:   000000000000000b 00007ffb2841261d
0x000000756fafd5f0:   0000000000000000 00007ffb6270d4d1
0x000000756fafd600:   0000000000000002 000000756fafd680
0x000000756fafd610:   61622e6176616a2f 692f6b646a2f6573
0x000000756fafd620:   2f6c616e7265746e 6f6974706f2f6d76
0x000000756fafd630:   000001fcd500736e 000000756fafd780
0x000000756fafd640:   000004b4d516ad40 00000001f46857d4
0x000000756fafd650:   000000756f516000 000001fcd4f8177c
0x000000756fafd660:   0000000300000020 0000000000000000
0x000000756fafd670:   0000000300000002 00007ffb00000002
0x000000756fafd680:   0000000000000000 0000000000000000
0x000000756fafd690:   0000000000000000 000000756fafd910
0x000000756fafd6a0:   000000756fafd7b0 00007ffb6270d0d5
0x000000756fafd6b0:   000000756fafd860 0000000000000000
0x000000756fafd6c0:   000000756fafd780 000000756fafd6f8
0x000000756fafd6d0:   000000756fafd720 000000756fafd8f0
0x000000756fafd6e0:   000000756fafd700 00007ffb62709003
0x000000756fafd6f0:   0000000000000000 0000000000140012
0x000000756fafd700:   000000756fafd970 000000756fafdba8
0x000000756fafd710:   000000756fafd898 0000000000000000 

Instructions: (pc=0x00007ffb28411bc5)
0x00007ffb28411ac5:   48 85 c9 74 1d 80 3d 3f 45 00 00 00 74 06 48 8b
0x00007ffb28411ad5:   53 18 eb 04 48 8b 53 40 e8 9a 0e 00 00 48 83 63
0x00007ffb28411ae5:   48 00 8b 4b 0c 83 f9 ff 74 09 e8 d0 0c 00 00 83
0x00007ffb28411af5:   4b 0c ff 48 8b 4b 70 48 85 c9 74 0f ba 10 00 00
0x00007ffb28411b05:   00 e8 f1 0e 00 00 48 83 63 70 00 48 83 c4 20 5b
0x00007ffb28411b15:   c3 cc cc 40 53 48 83 ec 20 48 8b d9 48 8d 0d f8
0x00007ffb28411b25:   46 00 00 e8 9f 0c 00 00 83 6b 08 01 75 24 48 8b
0x00007ffb28411b35:   d3 48 8d 0d db 44 00 00 e8 22 08 00 00 48 8b cb
0x00007ffb28411b45:   e8 d6 fe ff ff ba 78 00 00 00 48 8b cb e8 a5 0e
0x00007ffb28411b55:   00 00 48 8d 0d c2 46 00 00 48 83 c4 20 5b e9 6c
0x00007ffb28411b65:   0c 00 00 48 89 5c 24 08 48 89 74 24 10 57 48 83
0x00007ffb28411b75:   ec 20 41 8b f1 4d 8b c8 48 8b fa 4c 8b d9 4d 85
0x00007ffb28411b85:   c0 74 78 85 f6 74 74 44 8a 12 48 8d 5a 01 48 8b
0x00007ffb28411b95:   d3 b8 93 01 00 01 eb 12 69 c0 93 01 00 01 41 0f
0x00007ffb28411ba5:   b6 ca 44 8a 12 33 c1 48 ff c2 45 84 d2 75 e9 4d
0x00007ffb28411bb5:   8b 03 0f ba f0 1f 33 d2 49 8b cb f7 f6 48 63 c2
0x00007ffb28411bc5:   41 8b 14 81 41 ff 50 08 85 c0 7e 24 8a 0f eb 10
0x00007ffb28411bd5:   69 c0 93 01 00 01 0f b6 c9 33 c1 8a 0b 48 ff c3
0x00007ffb28411be5:   84 c9 75 ec 0f ba f0 1f 33 d2 f7 f6 8b c2 eb 0e
0x00007ffb28411bf5:   79 09 83 c9 ff 2b c8 8b c1 eb 03 83 c8 ff 48 8b
0x00007ffb28411c05:   5c 24 30 48 8b 74 24 38 48 83 c4 20 5f c3 cc 48
0x00007ffb28411c15:   89 5c 24 08 48 89 74 24 10 57 48 83 ec 20 48 8b
0x00007ffb28411c25:   f1 48 8d 0d f3 45 00 00 e8 9a 0b 00 00 33 ff 39
0x00007ffb28411c35:   3d de 43 00 00 76 24 48 8b 05 dd 43 00 00 48 8b
0x00007ffb28411c45:   d6 48 8b 1c f8 48 8b 0b e8 68 1e 00 00 85 c0 74
0x00007ffb28411c55:   2b ff c7 3b 3d ba 43 00 00 72 dc 33 db 48 8d 0d
0x00007ffb28411c65:   b7 45 00 00 e8 66 0b 00 00 48 8b 74 24 38 48 8b
0x00007ffb28411c75:   c3 48 8b 5c 24 30 48 83 c4 20 5f c3 ff 43 08 eb
0x00007ffb28411c85:   dc cc cc 48 89 5c 24 08 48 89 74 24 10 57 48 83
0x00007ffb28411c95:   ec 20 48 8b d9 48 8b f2 48 8b 49 10 49 8b f8 8b
0x00007ffb28411ca5:   53 30 48 8b 01 ff 50 20 4c 8b 43 50 48 8b d6 48
0x00007ffb28411cb5:   8b 4b 10 44 8b c8 e8 a8 fe ff ff 83 f8 ff 74 38 



---------------  P R O C E S S  ---------------

VM state: not at safepoint (not fully initialized)

VM Mutex/Monitor currently owned by a thread: None

CDS archive(s) mapped at: [0x0000000000000000-0x0000000000000000-0x0000000000000000), size 0, SharedBaseAddress: 0x0000000800000000, ArchiveRelocationMode: 1.
Narrow klass base: 0x0000000000000000, Narrow klass shift: 0, Narrow klass range: 0x0

GC Precious Log:
<Not initialized>


Dynamic libraries:
0x00007ff689e40000 - 0x00007ff689e50000 	C:\Program Files\Java\jdk-21\bin\java.exe
0x00007ffb626f0000 - 0x00007ffb62907000 	C:\WINDOWS\SYSTEM32\ntdll.dll
0x00007ffb60560000 - 0x00007ffb60624000 	C:\WINDOWS\System32\KERNEL32.DLL
0x00007ffb5fa50000 - 0x00007ffb5fe22000 	C:\WINDOWS\System32\KERNELBASE.dll
0x00007ffb60190000 - 0x00007ffb602a1000 	C:\WINDOWS\System32\ucrtbase.dll
0x00007ffb28a50000 - 0x00007ffb28a6b000 	C:\Program Files\Java\jdk-21\bin\VCRUNTIME140.dll
0x00007ffb03800000 - 0x00007ffb03819000 	C:\Program Files\Java\jdk-21\bin\jli.dll
0x00007ffb62050000 - 0x00007ffb62101000 	C:\WINDOWS\System32\ADVAPI32.dll
0x00007ffb62380000 - 0x00007ffb62427000 	C:\WINDOWS\System32\msvcrt.dll
0x00007ffb61560000 - 0x00007ffb61608000 	C:\WINDOWS\System32\sechost.dll
0x00007ffb60350000 - 0x00007ffb60378000 	C:\WINDOWS\System32\bcrypt.dll
0x00007ffb60710000 - 0x00007ffb60827000 	C:\WINDOWS\System32\RPCRT4.dll
0x00007ffb603a0000 - 0x00007ffb60551000 	C:\WINDOWS\System32\USER32.dll
0x00007ffb498a0000 - 0x00007ffb49b3b000 	C:\WINDOWS\WinSxS\amd64_microsoft.windows.common-controls_6595b64144ccf1df_6.0.22621.5697_none_27154c497380d676\COMCTL32.dll
0x00007ffb60160000 - 0x00007ffb60186000 	C:\WINDOWS\System32\win32u.dll
0x00007ffb60f20000 - 0x00007ffb60f49000 	C:\WINDOWS\System32\GDI32.dll
0x00007ffb5f7e0000 - 0x00007ffb5f903000 	C:\WINDOWS\System32\gdi32full.dll
0x00007ffb602b0000 - 0x00007ffb6034a000 	C:\WINDOWS\System32\msvcp_win.dll
0x00007ffb5af40000 - 0x00007ffb5af4a000 	C:\WINDOWS\SYSTEM32\VERSION.dll
0x00007ffb608a0000 - 0x00007ffb608d1000 	C:\WINDOWS\System32\IMM32.DLL
0x00007ffb28860000 - 0x00007ffb2886c000 	C:\Program Files\Java\jdk-21\bin\vcruntime140_1.dll
0x00007ffaf9550000 - 0x00007ffaf95de000 	C:\Program Files\Java\jdk-21\bin\msvcp140.dll
0x00007ffaf8830000 - 0x00007ffaf9547000 	C:\Program Files\Java\jdk-21\bin\server\jvm.dll
0x00007ffb62300000 - 0x00007ffb62371000 	C:\WINDOWS\System32\WS2_32.dll
0x00007ffb5e5d0000 - 0x00007ffb5e61d000 	C:\WINDOWS\SYSTEM32\POWRPROF.dll
0x00007ffb5b7f0000 - 0x00007ffb5b824000 	C:\WINDOWS\SYSTEM32\WINMM.dll
0x00007ffb5e5b0000 - 0x00007ffb5e5c3000 	C:\WINDOWS\SYSTEM32\UMPDC.dll
0x00007ffb5e870000 - 0x00007ffb5e888000 	C:\WINDOWS\SYSTEM32\kernel.appcore.dll
0x00007ffb28410000 - 0x00007ffb2841a000 	C:\Program Files\Java\jdk-21\bin\jimage.dll
0x00007ffb575f0000 - 0x00007ffb57823000 	C:\WINDOWS\SYSTEM32\DBGHELP.DLL
0x00007ffb61060000 - 0x00007ffb613f2000 	C:\WINDOWS\System32\combase.dll
0x00007ffb60630000 - 0x00007ffb60708000 	C:\WINDOWS\System32\OLEAUT32.dll
0x00007ffb48de0000 - 0x00007ffb48e12000 	C:\WINDOWS\SYSTEM32\dbgcore.DLL
0x00007ffb600e0000 - 0x00007ffb6015b000 	C:\WINDOWS\System32\bcryptPrimitives.dll

dbghelp: loaded successfully - version: 4.0.5 - missing functions: none
symbol engine: initialization error.

VM Arguments:
java_command: <unknown>
java_class_path (initial): <not set>
Launcher Type: SUN_STANDARD

[Global flags]
     bool UseLargePagesIndividualAllocation        = false                                  {pd product} {ergonomic}

Logging:
Log output configuration:
 #0: stdout all=warning uptime,level,tags foldmultilines=false
 #1: stderr all=off uptime,level,tags foldmultilines=false

Environment Variables:
PATH=C:\Program Files\Common Files\Oracle\Java\javapath;C:\Program Files (x86)\Common Files\Oracle\Java\java8path;C:\Program Files (x86)\Common Files\Oracle\Java\javapath;C:\windows\system32;C:\windows;C:\windows\System32\Wbem;C:\windows\System32\WindowsPowerShell\v1.0\;C:\windows\System32\OpenSSH\;C:\Program Files (x86)\NVIDIA Corporation\PhysX\Common;C:\Program Files\NVIDIA Corporation\NVIDIA NvDLISR;C:\WINDOWS\system32;C:\WINDOWS;C:\WINDOWS\System32\Wbem;C:\WINDOWS\System32\WindowsPowerShell\v1.0\;C:\WINDOWS\System32\OpenSSH\;C:\MinGW\bin;C:\Program Files\nodejs\;C:\Program Files\Git\cmd;C:\Program Files\dotnet\;;C:\Program Files\Docker\Docker\resources\bin;C:\Users\Anshul Dhiman\AppData\Local\Programs\Python\Python313\Scripts\;C:\Users\Anshul Dhiman\AppData\Local\Programs\Python\Python313\;C:\Users\Anshul Dhiman\AppData\Local\Programs\Python\Launcher\;C:\Users\Anshul Dhiman\AppData\Local\Microsoft\WindowsApps;;C:\Users\Anshul Dhiman\AppData\Local\Programs\Microsoft VS Code\bin;C:\Users\Anshul Dhiman\AppData\Roaming\npm
USERNAME=Anshul Dhiman
LANG=en_US.UTF-8
OS=Windows_NT
PROCESSOR_IDENTIFIER=AMD64 Family 25 Model 80 Stepping 0, AuthenticAMD
TMP=C:\Users\ANSHUL~1\AppData\Local\Temp
TEMP=C:\Users\ANSHUL~1\AppData\Local\Temp




Periodic native trim disabled

---------------  S Y S T E M  ---------------

OS:
 Windows 11 , 64 bit Build 22621 (10.0.22621.5415)
OS uptime: 0 days 5:22 hours

CPU: total 12 (initial active 0) 
Processor Information for processor 0
  Max Mhz: 3301, Current Mhz: 1908, Mhz Limit: 3301
Processor Information for processor 1
  Max Mhz: 3301, Current Mhz: 1805, Mhz Limit: 3301
Processor Information for processor 2
  Max Mhz: 3301, Current Mhz: 1908, Mhz Limit: 3301
Processor Information for processor 3
  Max Mhz: 3301, Current Mhz: 1805, Mhz Limit: 3301
Processor Information for processor 4
  Max Mhz: 3301, Current Mhz: 1805, Mhz Limit: 3301
Processor Information for processor 5
  Max Mhz: 3301, Current Mhz: 1805, Mhz Limit: 3301
Processor Information for processor 6
  Max Mhz: 3301, Current Mhz: 1805, Mhz Limit: 3301
Processor Information for processor 7
  Max Mhz: 3301, Current Mhz: 1908, Mhz Limit: 3301
Processor Information for processor 8
  Max Mhz: 3301, Current Mhz: 1805, Mhz Limit: 3301
Processor Information for processor 9
  Max Mhz: 3301, Current Mhz: 1805, Mhz Limit: 3301
Processor Information for processor 10
  Max Mhz: 3301, Current Mhz: 1805, Mhz Limit: 3301
Processor Information for processor 11
  Max Mhz: 3301, Current Mhz: 1805, Mhz Limit: 3301

Memory: 4k page, system-wide physical 7521M (726M free)
TotalPageFile size 13451M (AvailPageFile size 24M)
current process WorkingSet (physical memory assigned to process): 7M, peak: 7M
current process commit charge ("private bytes"): 2M, peak: 2M

vm_info: Java HotSpot(TM) 64-Bit Server VM (21.0.2+13-LTS-58) for windows-amd64 JRE (21.0.2+13-LTS-58), built on 2024-01-05T18:32:24Z by "mach5one" with MS VC++ 17.1 (VS2022)

END.
