#
# There is insufficient memory for the Java Runtime Environment to continue.
# Native memory allocation (malloc) failed to allocate 32744 bytes for Chunk::new
# Possible reasons:
#   The system is out of physical RAM or swap space
#   The process is running with CompressedOops enabled, and the Java Heap may be blocking the growth of the native heap
# Possible solutions:
#   Reduce memory load on the system
#   Increase physical memory or swap space
#   Check if swap backing store is full
#   Decrease Java heap size (-Xmx/-Xms)
#   Decrease number of Java threads
#   Decrease Java thread stack sizes (-Xss)
#   Set larger code cache with -XX:ReservedCodeCacheSize=
#   JVM is running with Unscaled Compressed Oops mode in which the Java heap is
#     placed in the first 4GB address space. The Java Heap base address is the
#     maximum limit for the native heap growth. Please use -XX:HeapBaseMinAddress
#     to set the Java Heap base and to place the Java Heap above 4GB virtual address.
# This output file may be truncated or incomplete.
#
#  Out of Memory Error (arena.cpp:168), pid=9456, tid=17316
#
# JRE version: Java(TM) SE Runtime Environment (21.0.2+13) (build 21.0.2+13-LTS-58)
# Java VM: Java HotSpot(TM) 64-Bit Server VM (21.0.2+13-LTS-58, mixed mode, sharing, tiered, compressed oops, compressed class ptrs, g1 gc, windows-amd64)
# No core dump will be written. Minidumps are not enabled by default on client versions of Windows
#

---------------  S U M M A R Y ------------

Command Line: chatting.application.Server

Host: AMD Ryzen 5 5600H with Radeon Graphics         , 12 cores, 7G,  Windows 11 , 64 bit Build 22621 (10.0.22621.5415)
Time: Wed Jul 30 17:11:44 2025 India Standard Time elapsed time: 1.888949 seconds (0d 0h 0m 1s)

---------------  T H R E A D  ---------------

Current thread (0x000001fa24db8290):  JavaThread "C2 CompilerThread0" daemon [_thread_in_native, id=17316, stack(0x0000004fba600000,0x0000004fba700000) (1024K)]


Current CompileTask:
C2:   1889 1234   !   4       sun.font.TrueTypeFont::getTableBuffer (208 bytes)

Stack: [0x0000004fba600000,0x0000004fba700000]
Native frames: (J=compiled Java code, j=interpreted, Vv=VM code, C=native code)
V  [jvm.dll+0x6cade9]
V  [jvm.dll+0x8569c1]
V  [jvm.dll+0x858d2e]
V  [jvm.dll+0x859413]
V  [jvm.dll+0x280e56]
V  [jvm.dll+0xc3f3d]
V  [jvm.dll+0xc4473]
V  [jvm.dll+0x6f69bb]
V  [jvm.dll+0x1e22d6]
V  [jvm.dll+0x249d22]
V  [jvm.dll+0x2491b1]
V  [jvm.dll+0x1c9634]
V  [jvm.dll+0x258859]
V  [jvm.dll+0x256e3a]
V  [jvm.dll+0x3ef6c6]
V  [jvm.dll+0x7ff568]
V  [jvm.dll+0x6c953d]
C  [ucrtbase.dll+0x29333]
C  [KERNEL32.DLL+0x1259d]
C  [ntdll.dll+0x5af78]


---------------  P R O C E S S  ---------------

Threads class SMR info:
_java_thread_list=0x000001fa6ba06a80, length=21, elements={
0x000001fa0609b650, 0x000001fa24daf2b0, 0x000001fa24daffd0, 0x000001fa24db4640,
0x000001fa24db50a0, 0x000001fa24db5b00, 0x000001fa24db6690, 0x000001fa24db8290,
0x000001fa24dcb2a0, 0x000001fa6a0fd5d0, 0x000001fa6a100620, 0x000001fa6a151c10,
0x000001fa6a2dcc90, 0x000001fa6a2dfff0, 0x000001fa6a32b990, 0x000001fa6a336020,
0x000001fa6a38ad50, 0x000001fa6b33ae90, 0x000001fa6b5a5b10, 0x000001fa6b8efff0,
0x000001fa6b5a2690
}

Java Threads: ( => current thread )
  0x000001fa0609b650 JavaThread "main"                              [_thread_in_native, id=12216, stack(0x0000004fb9800000,0x0000004fb9900000) (1024K)]
  0x000001fa24daf2b0 JavaThread "Reference Handler"          daemon [_thread_blocked, id=17596, stack(0x0000004fba000000,0x0000004fba100000) (1024K)]
  0x000001fa24daffd0 JavaThread "Finalizer"                  daemon [_thread_blocked, id=19424, stack(0x0000004fba100000,0x0000004fba200000) (1024K)]
  0x000001fa24db4640 JavaThread "Signal Dispatcher"          daemon [_thread_blocked, id=14020, stack(0x0000004fba200000,0x0000004fba300000) (1024K)]
  0x000001fa24db50a0 JavaThread "Attach Listener"            daemon [_thread_blocked, id=12708, stack(0x0000004fba300000,0x0000004fba400000) (1024K)]
  0x000001fa24db5b00 JavaThread "Service Thread"             daemon [_thread_blocked, id=6664, stack(0x0000004fba400000,0x0000004fba500000) (1024K)]
  0x000001fa24db6690 JavaThread "Monitor Deflation Thread"   daemon [_thread_blocked, id=10788, stack(0x0000004fba500000,0x0000004fba600000) (1024K)]
=>0x000001fa24db8290 JavaThread "C2 CompilerThread0"         daemon [_thread_in_native, id=17316, stack(0x0000004fba600000,0x0000004fba700000) (1024K)]
  0x000001fa24dcb2a0 JavaThread "C1 CompilerThread0"         daemon [_thread_blocked, id=19432, stack(0x0000004fba700000,0x0000004fba800000) (1024K)]
  0x000001fa6a0fd5d0 JavaThread "Notification Thread"        daemon [_thread_blocked, id=5008, stack(0x0000004fba800000,0x0000004fba900000) (1024K)]
  0x000001fa6a100620 JavaThread "Common-Cleaner"             daemon [_thread_blocked, id=17084, stack(0x0000004fba900000,0x0000004fbaa00000) (1024K)]
  0x000001fa6a151c10 JavaThread "Java2D Disposer"            daemon [_thread_blocked, id=11504, stack(0x0000004fbaa00000,0x0000004fbab00000) (1024K)]
  0x000001fa6a2dcc90 JavaThread "AWT-Shutdown"                      [_thread_blocked, id=1604, stack(0x0000004fbab00000,0x0000004fbac00000) (1024K)]
  0x000001fa6a2dfff0 JavaThread "AWT-Windows"                daemon [_thread_in_native, id=1892, stack(0x0000004fbac00000,0x0000004fbad00000) (1024K)]
  0x000001fa6a32b990 JavaThread "EventQueueMonitor-ComponentEvtDispatch" daemon [_thread_blocked, id=18644, stack(0x0000004fbad00000,0x0000004fbae00000) (1024K)]
  0x000001fa6a336020 JavaThread "Thread-1"                   daemon [_thread_in_native, id=7516, stack(0x0000004fbae00000,0x0000004fbaf00000) (1024K)]
  0x000001fa6a38ad50 JavaThread "Image Fetcher 0"            daemon [_thread_blocked, id=8712, stack(0x0000004fbaf00000,0x0000004fbb000000) (1024K)]
  0x000001fa6b33ae90 JavaThread "Image Fetcher 1"            daemon [_thread_blocked, id=12592, stack(0x0000004fbb000000,0x0000004fbb100000) (1024K)]
  0x000001fa6b5a5b10 JavaThread "AWT-EventQueue-0"                  [_thread_blocked, id=1988, stack(0x0000004fbb200000,0x0000004fbb300000) (1024K)]
  0x000001fa6b8efff0 JavaThread "C2 CompilerThread1"         daemon [_thread_blocked, id=19272, stack(0x0000004fbb500000,0x0000004fbb600000) (1024K)]
  0x000001fa6b5a2690 JavaThread "TimerQueue"                 daemon [_thread_blocked, id=20256, stack(0x0000004fbbf00000,0x0000004fbc000000) (1024K)]
Total: 21

Other Threads:
  0x000001fa24d92600 VMThread "VM Thread"                           [id=15788, stack(0x0000004fb9f00000,0x0000004fba000000) (1024K)]
  0x000001fa24d77fa0 WatcherThread "VM Periodic Task Thread"        [id=16556, stack(0x0000004fb9e00000,0x0000004fb9f00000) (1024K)]
  0x000001fa08338520 WorkerThread "GC Thread#0"                     [id=3456, stack(0x0000004fb9900000,0x0000004fb9a00000) (1024K)]
  0x000001fa6b37d470 WorkerThread "GC Thread#1"                     [id=4088, stack(0x0000004fbb600000,0x0000004fbb700000) (1024K)]
  0x000001fa6b37e2f0 WorkerThread "GC Thread#2"                     [id=5320, stack(0x0000004fbb700000,0x0000004fbb800000) (1024K)]
  0x000001fa6b37d810 WorkerThread "GC Thread#3"                     [id=13040, stack(0x0000004fbb800000,0x0000004fbb900000) (1024K)]
  0x000001fa6b37dbb0 WorkerThread "GC Thread#4"                     [id=5600, stack(0x0000004fbb900000,0x0000004fbba00000) (1024K)]
  0x000001fa6b37d0d0 WorkerThread "GC Thread#5"                     [id=15704, stack(0x0000004fbba00000,0x0000004fbbb00000) (1024K)]
  0x000001fa6b948290 WorkerThread "GC Thread#6"                     [id=2712, stack(0x0000004fbbb00000,0x0000004fbbc00000) (1024K)]
  0x000001fa6b949f90 WorkerThread "GC Thread#7"                     [id=15748, stack(0x0000004fbbc00000,0x0000004fbbd00000) (1024K)]
  0x000001fa6b947b50 WorkerThread "GC Thread#8"                     [id=14280, stack(0x0000004fbbd00000,0x0000004fbbe00000) (1024K)]
  0x000001fa6b94a330 WorkerThread "GC Thread#9"                     [id=10228, stack(0x0000004fbbe00000,0x0000004fbbf00000) (1024K)]
  0x000001fa083481f0 ConcurrentGCThread "G1 Main Marker"            [id=19244, stack(0x0000004fb9a00000,0x0000004fb9b00000) (1024K)]
  0x000001fa08349ca0 WorkerThread "G1 Conc#0"                       [id=15552, stack(0x0000004fb9b00000,0x0000004fb9c00000) (1024K)]
  0x000001fa24c454f0 ConcurrentGCThread "G1 Refine#0"               [id=15232, stack(0x0000004fb9c00000,0x0000004fb9d00000) (1024K)]
  0x000001fa24c45c70 ConcurrentGCThread "G1 Service"                [id=16168, stack(0x0000004fb9d00000,0x0000004fb9e00000) (1024K)]
Total: 16

Threads with active compile tasks:
C2 CompilerThread0     1926 1234   !   4       sun.font.TrueTypeFont::getTableBuffer (208 bytes)
Total: 1

VM state: not at safepoint (normal execution)

VM Mutex/Monitor currently owned by a thread: None

Heap address: 0x000000008a600000, size: 1882 MB, Compressed Oops mode: 32-bit

CDS archive(s) mapped at: [0x000001fa25000000-0x000001fa25c90000-0x000001fa25c90000), size 13172736, SharedBaseAddress: 0x000001fa25000000, ArchiveRelocationMode: 1.
Compressed class space mapped at: 0x000001fa26000000-0x000001fa66000000, reserved size: 1073741824
Narrow klass base: 0x000001fa25000000, Narrow klass shift: 0, Narrow klass range: 0x100000000

GC Precious Log:
 CardTable entry size: 512
 Card Set container configuration: InlinePtr #cards 5 size 8 Array Of Cards #cards 12 size 40 Howl #buckets 4 coarsen threshold 1843 Howl Bitmap #cards 512 size 80 coarsen threshold 460 Card regions per heap region 1 cards per card region 2048
 CPUs: 12 total, 12 available
 Memory: 7521M
 Large Page Support: Disabled
 NUMA Support: Disabled
 Compressed Oops: Enabled (32-bit)
 Heap Region Size: 1M
 Heap Min Capacity: 8M
 Heap Initial Capacity: 118M
 Heap Max Capacity: 1882M
 Pre-touch: Disabled
 Parallel Workers: 10
 Concurrent Workers: 3
 Concurrent Refinement Workers: 10
 Periodic GC: Disabled

Heap:
 garbage-first heap   total 120832K, used 14997K [0x000000008a600000, 0x0000000100000000)
  region size 1024K, 6 young (6144K), 3 survivors (3072K)
 Metaspace       used 8892K, committed 9088K, reserved 1114112K
  class space    used 941K, committed 1024K, reserved 1048576K

Heap Regions: E=young(eden), S=young(survivor), O=old, HS=humongous(starts), HC=humongous(continues), CS=collection set, F=free, TAMS=top-at-mark-start, PB=parsable bottom
|   0|0x000000008a600000, 0x000000008a700000, 0x000000008a700000|100%|HS|  |TAMS 0x000000008a600000| PB 0x000000008a600000| Complete 
|   1|0x000000008a700000, 0x000000008a800000, 0x000000008a800000|100%|HC|  |TAMS 0x000000008a700000| PB 0x000000008a700000| Complete 
|   2|0x000000008a800000, 0x000000008a900000, 0x000000008a900000|100%|HC|  |TAMS 0x000000008a800000| PB 0x000000008a800000| Complete 
|   3|0x000000008a900000, 0x000000008aa00000, 0x000000008aa00000|100%|HC|  |TAMS 0x000000008a900000| PB 0x000000008a900000| Complete 
|   4|0x000000008aa00000, 0x000000008ab00000, 0x000000008ab00000|100%|HC|  |TAMS 0x000000008aa00000| PB 0x000000008aa00000| Complete 
|   5|0x000000008ab00000, 0x000000008ac00000, 0x000000008ac00000|100%|HS|  |TAMS 0x000000008ab00000| PB 0x000000008ab00000| Complete 
|   6|0x000000008ac00000, 0x000000008ad00000, 0x000000008ad00000|100%|HS|  |TAMS 0x000000008ac00000| PB 0x000000008ac00000| Complete 
|   7|0x000000008ad00000, 0x000000008ae00000, 0x000000008ae00000|100%|HC|  |TAMS 0x000000008ad00000| PB 0x000000008ad00000| Complete 
|   8|0x000000008ae00000, 0x000000008af00000, 0x000000008af00000|100%| O|  |TAMS 0x000000008ae00000| PB 0x000000008ae00000| Untracked 
|   9|0x000000008af00000, 0x000000008afa5460, 0x000000008b000000| 64%| O|  |TAMS 0x000000008af00000| PB 0x000000008af00000| Untracked 
|  10|0x000000008b000000, 0x000000008b000000, 0x000000008b100000|  0%| F|  |TAMS 0x000000008b000000| PB 0x000000008b000000| Untracked 
|  11|0x000000008b100000, 0x000000008b100000, 0x000000008b200000|  0%| F|  |TAMS 0x000000008b100000| PB 0x000000008b100000| Untracked 
|  12|0x000000008b200000, 0x000000008b200000, 0x000000008b300000|  0%| F|  |TAMS 0x000000008b200000| PB 0x000000008b200000| Untracked 
|  13|0x000000008b300000, 0x000000008b300000, 0x000000008b400000|  0%| F|  |TAMS 0x000000008b300000| PB 0x000000008b300000| Untracked 
|  14|0x000000008b400000, 0x000000008b400000, 0x000000008b500000|  0%| F|  |TAMS 0x000000008b400000| PB 0x000000008b400000| Untracked 
|  15|0x000000008b500000, 0x000000008b500000, 0x000000008b600000|  0%| F|  |TAMS 0x000000008b500000| PB 0x000000008b500000| Untracked 
|  16|0x000000008b600000, 0x000000008b600000, 0x000000008b700000|  0%| F|  |TAMS 0x000000008b600000| PB 0x000000008b600000| Untracked 
|  17|0x000000008b700000, 0x000000008b700000, 0x000000008b800000|  0%| F|  |TAMS 0x000000008b700000| PB 0x000000008b700000| Untracked 
|  18|0x000000008b800000, 0x000000008b800000, 0x000000008b900000|  0%| F|  |TAMS 0x000000008b800000| PB 0x000000008b800000| Untracked 
|  19|0x000000008b900000, 0x000000008b900000, 0x000000008ba00000|  0%| F|  |TAMS 0x000000008b900000| PB 0x000000008b900000| Untracked 
|  20|0x000000008ba00000, 0x000000008ba00000, 0x000000008bb00000|  0%| F|  |TAMS 0x000000008ba00000| PB 0x000000008ba00000| Untracked 
|  21|0x000000008bb00000, 0x000000008bb00000, 0x000000008bc00000|  0%| F|  |TAMS 0x000000008bb00000| PB 0x000000008bb00000| Untracked 
|  22|0x000000008bc00000, 0x000000008bc00000, 0x000000008bd00000|  0%| F|  |TAMS 0x000000008bc00000| PB 0x000000008bc00000| Untracked 
|  23|0x000000008bd00000, 0x000000008bd00000, 0x000000008be00000|  0%| F|  |TAMS 0x000000008bd00000| PB 0x000000008bd00000| Untracked 
|  24|0x000000008be00000, 0x000000008be00000, 0x000000008bf00000|  0%| F|  |TAMS 0x000000008be00000| PB 0x000000008be00000| Untracked 
|  25|0x000000008bf00000, 0x000000008bf00000, 0x000000008c000000|  0%| F|  |TAMS 0x000000008bf00000| PB 0x000000008bf00000| Untracked 
|  26|0x000000008c000000, 0x000000008c000000, 0x000000008c100000|  0%| F|  |TAMS 0x000000008c000000| PB 0x000000008c000000| Untracked 
|  27|0x000000008c100000, 0x000000008c100000, 0x000000008c200000|  0%| F|  |TAMS 0x000000008c100000| PB 0x000000008c100000| Untracked 
|  28|0x000000008c200000, 0x000000008c200000, 0x000000008c300000|  0%| F|  |TAMS 0x000000008c200000| PB 0x000000008c200000| Untracked 
|  29|0x000000008c300000, 0x000000008c300000, 0x000000008c400000|  0%| F|  |TAMS 0x000000008c300000| PB 0x000000008c300000| Untracked 
|  30|0x000000008c400000, 0x000000008c400000, 0x000000008c500000|  0%| F|  |TAMS 0x000000008c400000| PB 0x000000008c400000| Untracked 
|  31|0x000000008c500000, 0x000000008c500000, 0x000000008c600000|  0%| F|  |TAMS 0x000000008c500000| PB 0x000000008c500000| Untracked 
|  32|0x000000008c600000, 0x000000008c600000, 0x000000008c700000|  0%| F|  |TAMS 0x000000008c600000| PB 0x000000008c600000| Untracked 
|  33|0x000000008c700000, 0x000000008c700000, 0x000000008c800000|  0%| F|  |TAMS 0x000000008c700000| PB 0x000000008c700000| Untracked 
|  34|0x000000008c800000, 0x000000008c800000, 0x000000008c900000|  0%| F|  |TAMS 0x000000008c800000| PB 0x000000008c800000| Untracked 
|  35|0x000000008c900000, 0x000000008c900000, 0x000000008ca00000|  0%| F|  |TAMS 0x000000008c900000| PB 0x000000008c900000| Untracked 
|  36|0x000000008ca00000, 0x000000008ca00000, 0x000000008cb00000|  0%| F|  |TAMS 0x000000008ca00000| PB 0x000000008ca00000| Untracked 
|  37|0x000000008cb00000, 0x000000008cb00000, 0x000000008cc00000|  0%| F|  |TAMS 0x000000008cb00000| PB 0x000000008cb00000| Untracked 
|  38|0x000000008cc00000, 0x000000008cc00000, 0x000000008cd00000|  0%| F|  |TAMS 0x000000008cc00000| PB 0x000000008cc00000| Untracked 
|  39|0x000000008cd00000, 0x000000008cd00000, 0x000000008ce00000|  0%| F|  |TAMS 0x000000008cd00000| PB 0x000000008cd00000| Untracked 
|  40|0x000000008ce00000, 0x000000008ce00000, 0x000000008cf00000|  0%| F|  |TAMS 0x000000008ce00000| PB 0x000000008ce00000| Untracked 
|  41|0x000000008cf00000, 0x000000008cf00000, 0x000000008d000000|  0%| F|  |TAMS 0x000000008cf00000| PB 0x000000008cf00000| Untracked 
|  42|0x000000008d000000, 0x000000008d000000, 0x000000008d100000|  0%| F|  |TAMS 0x000000008d000000| PB 0x000000008d000000| Untracked 
|  43|0x000000008d100000, 0x000000008d100000, 0x000000008d200000|  0%| F|  |TAMS 0x000000008d100000| PB 0x000000008d100000| Untracked 
|  44|0x000000008d200000, 0x000000008d200000, 0x000000008d300000|  0%| F|  |TAMS 0x000000008d200000| PB 0x000000008d200000| Untracked 
|  45|0x000000008d300000, 0x000000008d300000, 0x000000008d400000|  0%| F|  |TAMS 0x000000008d300000| PB 0x000000008d300000| Untracked 
|  46|0x000000008d400000, 0x000000008d400000, 0x000000008d500000|  0%| F|  |TAMS 0x000000008d400000| PB 0x000000008d400000| Untracked 
|  47|0x000000008d500000, 0x000000008d500000, 0x000000008d600000|  0%| F|  |TAMS 0x000000008d500000| PB 0x000000008d500000| Untracked 
|  48|0x000000008d600000, 0x000000008d600000, 0x000000008d700000|  0%| F|  |TAMS 0x000000008d600000| PB 0x000000008d600000| Untracked 
|  49|0x000000008d700000, 0x000000008d700000, 0x000000008d800000|  0%| F|  |TAMS 0x000000008d700000| PB 0x000000008d700000| Untracked 
|  50|0x000000008d800000, 0x000000008d800000, 0x000000008d900000|  0%| F|  |TAMS 0x000000008d800000| PB 0x000000008d800000| Untracked 
|  51|0x000000008d900000, 0x000000008d900000, 0x000000008da00000|  0%| F|  |TAMS 0x000000008d900000| PB 0x000000008d900000| Untracked 
|  52|0x000000008da00000, 0x000000008da00000, 0x000000008db00000|  0%| F|  |TAMS 0x000000008da00000| PB 0x000000008da00000| Untracked 
|  53|0x000000008db00000, 0x000000008db00000, 0x000000008dc00000|  0%| F|  |TAMS 0x000000008db00000| PB 0x000000008db00000| Untracked 
|  54|0x000000008dc00000, 0x000000008dc00000, 0x000000008dd00000|  0%| F|  |TAMS 0x000000008dc00000| PB 0x000000008dc00000| Untracked 
|  55|0x000000008dd00000, 0x000000008dd00000, 0x000000008de00000|  0%| F|  |TAMS 0x000000008dd00000| PB 0x000000008dd00000| Untracked 
|  56|0x000000008de00000, 0x000000008de00000, 0x000000008df00000|  0%| F|  |TAMS 0x000000008de00000| PB 0x000000008de00000| Untracked 
|  57|0x000000008df00000, 0x000000008df00000, 0x000000008e000000|  0%| F|  |TAMS 0x000000008df00000| PB 0x000000008df00000| Untracked 
|  58|0x000000008e000000, 0x000000008e000000, 0x000000008e100000|  0%| F|  |TAMS 0x000000008e000000| PB 0x000000008e000000| Untracked 
|  59|0x000000008e100000, 0x000000008e100000, 0x000000008e200000|  0%| F|  |TAMS 0x000000008e100000| PB 0x000000008e100000| Untracked 
|  60|0x000000008e200000, 0x000000008e200000, 0x000000008e300000|  0%| F|  |TAMS 0x000000008e200000| PB 0x000000008e200000| Untracked 
|  61|0x000000008e300000, 0x000000008e300000, 0x000000008e400000|  0%| F|  |TAMS 0x000000008e300000| PB 0x000000008e300000| Untracked 
|  62|0x000000008e400000, 0x000000008e400000, 0x000000008e500000|  0%| F|  |TAMS 0x000000008e400000| PB 0x000000008e400000| Untracked 
|  63|0x000000008e500000, 0x000000008e500000, 0x000000008e600000|  0%| F|  |TAMS 0x000000008e500000| PB 0x000000008e500000| Untracked 
|  64|0x000000008e600000, 0x000000008e600000, 0x000000008e700000|  0%| F|  |TAMS 0x000000008e600000| PB 0x000000008e600000| Untracked 
|  65|0x000000008e700000, 0x000000008e700000, 0x000000008e800000|  0%| F|  |TAMS 0x000000008e700000| PB 0x000000008e700000| Untracked 
|  66|0x000000008e800000, 0x000000008e800000, 0x000000008e900000|  0%| F|  |TAMS 0x000000008e800000| PB 0x000000008e800000| Untracked 
|  67|0x000000008e900000, 0x000000008e900000, 0x000000008ea00000|  0%| F|  |TAMS 0x000000008e900000| PB 0x000000008e900000| Untracked 
|  68|0x000000008ea00000, 0x000000008ea00000, 0x000000008eb00000|  0%| F|  |TAMS 0x000000008ea00000| PB 0x000000008ea00000| Untracked 
|  69|0x000000008eb00000, 0x000000008eb00000, 0x000000008ec00000|  0%| F|  |TAMS 0x000000008eb00000| PB 0x000000008eb00000| Untracked 
|  70|0x000000008ec00000, 0x000000008ec00000, 0x000000008ed00000|  0%| F|  |TAMS 0x000000008ec00000| PB 0x000000008ec00000| Untracked 
|  71|0x000000008ed00000, 0x000000008ed00000, 0x000000008ee00000|  0%| F|  |TAMS 0x000000008ed00000| PB 0x000000008ed00000| Untracked 
|  72|0x000000008ee00000, 0x000000008ee00000, 0x000000008ef00000|  0%| F|  |TAMS 0x000000008ee00000| PB 0x000000008ee00000| Untracked 
|  73|0x000000008ef00000, 0x000000008ef00000, 0x000000008f000000|  0%| F|  |TAMS 0x000000008ef00000| PB 0x000000008ef00000| Untracked 
|  74|0x000000008f000000, 0x000000008f000000, 0x000000008f100000|  0%| F|  |TAMS 0x000000008f000000| PB 0x000000008f000000| Untracked 
|  75|0x000000008f100000, 0x000000008f100000, 0x000000008f200000|  0%| F|  |TAMS 0x000000008f100000| PB 0x000000008f100000| Untracked 
|  76|0x000000008f200000, 0x000000008f200000, 0x000000008f300000|  0%| F|  |TAMS 0x000000008f200000| PB 0x000000008f200000| Untracked 
|  77|0x000000008f300000, 0x000000008f300000, 0x000000008f400000|  0%| F|  |TAMS 0x000000008f300000| PB 0x000000008f300000| Untracked 
|  78|0x000000008f400000, 0x000000008f400000, 0x000000008f500000|  0%| F|  |TAMS 0x000000008f400000| PB 0x000000008f400000| Untracked 
|  79|0x000000008f500000, 0x000000008f500000, 0x000000008f600000|  0%| F|  |TAMS 0x000000008f500000| PB 0x000000008f500000| Untracked 
|  80|0x000000008f600000, 0x000000008f600000, 0x000000008f700000|  0%| F|  |TAMS 0x000000008f600000| PB 0x000000008f600000| Untracked 
|  81|0x000000008f700000, 0x000000008f700000, 0x000000008f800000|  0%| F|  |TAMS 0x000000008f700000| PB 0x000000008f700000| Untracked 
|  82|0x000000008f800000, 0x000000008f800000, 0x000000008f900000|  0%| F|  |TAMS 0x000000008f800000| PB 0x000000008f800000| Untracked 
|  83|0x000000008f900000, 0x000000008f900000, 0x000000008fa00000|  0%| F|  |TAMS 0x000000008f900000| PB 0x000000008f900000| Untracked 
|  84|0x000000008fa00000, 0x000000008fa00000, 0x000000008fb00000|  0%| F|  |TAMS 0x000000008fa00000| PB 0x000000008fa00000| Untracked 
|  85|0x000000008fb00000, 0x000000008fb00000, 0x000000008fc00000|  0%| F|  |TAMS 0x000000008fb00000| PB 0x000000008fb00000| Untracked 
|  86|0x000000008fc00000, 0x000000008fc00000, 0x000000008fd00000|  0%| F|  |TAMS 0x000000008fc00000| PB 0x000000008fc00000| Untracked 
|  87|0x000000008fd00000, 0x000000008fd00000, 0x000000008fe00000|  0%| F|  |TAMS 0x000000008fd00000| PB 0x000000008fd00000| Untracked 
|  88|0x000000008fe00000, 0x000000008fe00000, 0x000000008ff00000|  0%| F|  |TAMS 0x000000008fe00000| PB 0x000000008fe00000| Untracked 
|  89|0x000000008ff00000, 0x000000008ff00000, 0x0000000090000000|  0%| F|  |TAMS 0x000000008ff00000| PB 0x000000008ff00000| Untracked 
|  90|0x0000000090000000, 0x0000000090000000, 0x0000000090100000|  0%| F|  |TAMS 0x0000000090000000| PB 0x0000000090000000| Untracked 
|  91|0x0000000090100000, 0x0000000090100000, 0x0000000090200000|  0%| F|  |TAMS 0x0000000090100000| PB 0x0000000090100000| Untracked 
|  92|0x0000000090200000, 0x0000000090300000, 0x0000000090300000|100%| S|CS|TAMS 0x0000000090200000| PB 0x0000000090200000| Complete 
|  93|0x0000000090300000, 0x0000000090400000, 0x0000000090400000|100%| S|CS|TAMS 0x0000000090300000| PB 0x0000000090300000| Complete 
|  94|0x0000000090400000, 0x0000000090500000, 0x0000000090500000|100%| S|CS|TAMS 0x0000000090400000| PB 0x0000000090400000| Complete 
|  95|0x0000000090500000, 0x0000000090500000, 0x0000000090600000|  0%| F|  |TAMS 0x0000000090500000| PB 0x0000000090500000| Untracked 
|  96|0x0000000090600000, 0x0000000090600000, 0x0000000090700000|  0%| F|  |TAMS 0x0000000090600000| PB 0x0000000090600000| Untracked 
|  97|0x0000000090700000, 0x0000000090700000, 0x0000000090800000|  0%| F|  |TAMS 0x0000000090700000| PB 0x0000000090700000| Untracked 
|  98|0x0000000090800000, 0x0000000090800000, 0x0000000090900000|  0%| F|  |TAMS 0x0000000090800000| PB 0x0000000090800000| Untracked 
|  99|0x0000000090900000, 0x0000000090900000, 0x0000000090a00000|  0%| F|  |TAMS 0x0000000090900000| PB 0x0000000090900000| Untracked 
| 100|0x0000000090a00000, 0x0000000090a00000, 0x0000000090b00000|  0%| F|  |TAMS 0x0000000090a00000| PB 0x0000000090a00000| Untracked 
| 101|0x0000000090b00000, 0x0000000090b00000, 0x0000000090c00000|  0%| F|  |TAMS 0x0000000090b00000| PB 0x0000000090b00000| Untracked 
| 102|0x0000000090c00000, 0x0000000090c00000, 0x0000000090d00000|  0%| F|  |TAMS 0x0000000090c00000| PB 0x0000000090c00000| Untracked 
| 103|0x0000000090d00000, 0x0000000090d00000, 0x0000000090e00000|  0%| F|  |TAMS 0x0000000090d00000| PB 0x0000000090d00000| Untracked 
| 104|0x0000000090e00000, 0x0000000090e00000, 0x0000000090f00000|  0%| F|  |TAMS 0x0000000090e00000| PB 0x0000000090e00000| Untracked 
| 105|0x0000000090f00000, 0x0000000090f00000, 0x0000000091000000|  0%| F|  |TAMS 0x0000000090f00000| PB 0x0000000090f00000| Untracked 
| 106|0x0000000091000000, 0x0000000091000000, 0x0000000091100000|  0%| F|  |TAMS 0x0000000091000000| PB 0x0000000091000000| Untracked 
| 107|0x0000000091100000, 0x0000000091100000, 0x0000000091200000|  0%| F|  |TAMS 0x0000000091100000| PB 0x0000000091100000| Untracked 
| 108|0x0000000091200000, 0x0000000091200000, 0x0000000091300000|  0%| F|  |TAMS 0x0000000091200000| PB 0x0000000091200000| Untracked 
| 109|0x0000000091300000, 0x0000000091300000, 0x0000000091400000|  0%| F|  |TAMS 0x0000000091300000| PB 0x0000000091300000| Untracked 
| 110|0x0000000091400000, 0x0000000091400000, 0x0000000091500000|  0%| F|  |TAMS 0x0000000091400000| PB 0x0000000091400000| Untracked 
| 111|0x0000000091500000, 0x0000000091500000, 0x0000000091600000|  0%| F|  |TAMS 0x0000000091500000| PB 0x0000000091500000| Untracked 
| 112|0x0000000091600000, 0x0000000091600000, 0x0000000091700000|  0%| F|  |TAMS 0x0000000091600000| PB 0x0000000091600000| Untracked 
| 113|0x0000000091700000, 0x0000000091700000, 0x0000000091800000|  0%| F|  |TAMS 0x0000000091700000| PB 0x0000000091700000| Untracked 
| 114|0x0000000091800000, 0x0000000091800000, 0x0000000091900000|  0%| F|  |TAMS 0x0000000091800000| PB 0x0000000091800000| Untracked 
| 115|0x0000000091900000, 0x0000000091915b80, 0x0000000091a00000|  8%| E|  |TAMS 0x0000000091900000| PB 0x0000000091900000| Complete 
| 116|0x0000000091a00000, 0x0000000091b00000, 0x0000000091b00000|100%| E|CS|TAMS 0x0000000091a00000| PB 0x0000000091a00000| Complete 
| 117|0x0000000091b00000, 0x0000000091c00000, 0x0000000091c00000|100%| E|CS|TAMS 0x0000000091b00000| PB 0x0000000091b00000| Complete 

Card table byte_map: [0x000001fa20050000,0x000001fa20400000] _byte_map_base: 0x000001fa1fbfd000

Marking Bits: (CMBitMap*) 0x000001fa08338c20
 Bits: [0x000001fa20400000, 0x000001fa22168000)

Polling page: 0x000001fa06060000

Metaspace:

Usage:
  Non-class:      7.76 MB used.
      Class:    941.78 KB used.
       Both:      8.68 MB used.

Virtual space:
  Non-class space:       64.00 MB reserved,       7.88 MB ( 12%) committed,  1 nodes.
      Class space:        1.00 GB reserved,       1.00 MB ( <1%) committed,  1 nodes.
             Both:        1.06 GB reserved,       8.88 MB ( <1%) committed. 

Chunk freelists:
   Non-Class:  8.09 MB
       Class:  15.01 MB
        Both:  23.11 MB

MaxMetaspaceSize: unlimited
CompressedClassSpaceSize: 1.00 GB
Initial GC threshold: 21.00 MB
Current GC threshold: 21.00 MB
CDS: on
 - commit_granule_bytes: 65536.
 - commit_granule_words: 8192.
 - virtual_space_node_default_size: 8388608.
 - enlarge_chunks_in_place: 1.
 - use_allocation_guard: 0.


Internal statistics:

num_allocs_failed_limit: 0.
num_arena_births: 156.
num_arena_deaths: 0.
num_vsnodes_births: 2.
num_vsnodes_deaths: 0.
num_space_committed: 142.
num_space_uncommitted: 0.
num_chunks_returned_to_freelist: 0.
num_chunks_taken_from_freelist: 237.
num_chunk_merges: 0.
num_chunk_splits: 123.
num_chunks_enlarged: 31.
num_inconsistent_stats: 0.

CodeHeap 'non-profiled nmethods': size=120000Kb used=400Kb max_used=400Kb free=119600Kb
 bounds [0x000001fa18220000, 0x000001fa18490000, 0x000001fa1f750000]
CodeHeap 'profiled nmethods': size=120000Kb used=2261Kb max_used=2261Kb free=117738Kb
 bounds [0x000001fa10750000, 0x000001fa109c0000, 0x000001fa17c80000]
CodeHeap 'non-nmethods': size=5760Kb used=1552Kb max_used=1565Kb free=4207Kb
 bounds [0x000001fa17c80000, 0x000001fa17ef0000, 0x000001fa18220000]
 total_blobs=1898 nmethods=1277 adapters=526
 compilation: enabled
              stopped_count=0, restarted_count=0
 full_count=0

Compilation events (20 events):
Event: 1.855 Thread 0x000001fa6b8efff0 1270   !   4       sun.nio.ch.NativeThreadSet::remove (90 bytes)
Event: 1.857 Thread 0x000001fa6b8efff0 nmethod 1270 0x000001fa18282890 code [0x000001fa18282a20, 0x000001fa18282c90]
Event: 1.857 Thread 0x000001fa6b8efff0 1271       4       java.nio.channels.spi.AbstractInterruptibleChannel::end (53 bytes)
Event: 1.861 Thread 0x000001fa24dcb2a0 1273       3       java.lang.ref.SoftReference::<init> (14 bytes)
Event: 1.861 Thread 0x000001fa6b8efff0 nmethod 1271 0x000001fa18282e10 code [0x000001fa18282fc0, 0x000001fa182832d0]
Event: 1.861 Thread 0x000001fa24dcb2a0 nmethod 1273 0x000001fa10983f10 code [0x000001fa109840c0, 0x000001fa109843a8]
Event: 1.861 Thread 0x000001fa6b8efff0 1272       4       java.lang.Math::min (11 bytes)
Event: 1.862 Thread 0x000001fa6b8efff0 nmethod 1272 0x000001fa18283490 code [0x000001fa18283600, 0x000001fa18283670]
Event: 1.863 Thread 0x000001fa6b8efff0 1274       4       java.util.Arrays::binarySearch0 (95 bytes)
Event: 1.863 Thread 0x000001fa24dcb2a0 1275       3       java.awt.geom.AffineTransform::hash (17 bytes)
Event: 1.863 Thread 0x000001fa24dcb2a0 nmethod 1275 0x000001fa10984490 code [0x000001fa10984640, 0x000001fa10984910]
Event: 1.863 Thread 0x000001fa24dcb2a0 1276       3       java.lang.Double::doubleToLongBits (16 bytes)
Event: 1.864 Thread 0x000001fa24dcb2a0 nmethod 1276 0x000001fa10984a10 code [0x000001fa10984bc0, 0x000001fa10984e08]
Event: 1.864 Thread 0x000001fa24dcb2a0 1277       3       java.lang.Math::ceil (5 bytes)
Event: 1.864 Thread 0x000001fa24dcb2a0 nmethod 1277 0x000001fa10984e90 code [0x000001fa10985040, 0x000001fa10985158]
Event: 1.867 Thread 0x000001fa24dcb2a0 1278       1       java.awt.AWTEvent::getID (5 bytes)
Event: 1.867 Thread 0x000001fa24dcb2a0 nmethod 1278 0x000001fa18283790 code [0x000001fa18283920, 0x000001fa182839e8]
Event: 1.867 Thread 0x000001fa6b8efff0 nmethod 1274 0x000001fa18283a90 code [0x000001fa18283c20, 0x000001fa18283e40]
Event: 1.867 Thread 0x000001fa24dcb2a0 1279       3       java.util.ArrayList$Itr::hasNext (20 bytes)
Event: 1.867 Thread 0x000001fa24dcb2a0 nmethod 1279 0x000001fa10985210 code [0x000001fa109853c0, 0x000001fa10985530]

GC Heap History (2 events):
Event: 1.779 GC heap before
{Heap before GC invocations=0 (full 0):
 garbage-first heap   total 120832K, used 30720K [0x000000008a600000, 0x0000000100000000)
  region size 1024K, 23 young (23552K), 0 survivors (0K)
 Metaspace       used 8453K, committed 8704K, reserved 1114112K
  class space    used 892K, committed 1024K, reserved 1048576K
}
Event: 1.786 GC heap after
{Heap after GC invocations=1 (full 0):
 garbage-first heap   total 120832K, used 12949K [0x000000008a600000, 0x0000000100000000)
  region size 1024K, 3 young (3072K), 3 survivors (3072K)
 Metaspace       used 8453K, committed 8704K, reserved 1114112K
  class space    used 892K, committed 1024K, reserved 1048576K
}

Dll operation events (12 events):
Event: 0.020 Loaded shared library C:\Program Files\Java\jdk-21\bin\java.dll
Event: 0.086 Loaded shared library C:\Program Files\Java\jdk-21\bin\jsvml.dll
Event: 0.144 Loaded shared library C:\Program Files\Java\jdk-21\bin\jimage.dll
Event: 0.175 Loaded shared library C:\Program Files\Java\jdk-21\bin\awt.dll
Event: 0.321 Loaded shared library C:\Program Files\Java\jdk-21\bin\javaaccessbridge.dll
Event: 0.572 Loaded shared library C:\Program Files\Java\jdk-21\bin\zip.dll
Event: 0.723 Loaded shared library C:\Program Files\Java\jdk-21\bin\javajpeg.dll
Event: 1.074 Loaded shared library C:\Program Files\Java\jdk-21\bin\freetype.dll
Event: 1.078 Loaded shared library C:\Program Files\Java\jdk-21\bin\fontmanager.dll
Event: 1.199 Loaded shared library C:\Program Files\Java\jdk-21\bin\net.dll
Event: 1.203 Loaded shared library C:\Program Files\Java\jdk-21\bin\nio.dll
Event: 1.213 Loaded shared library C:\Program Files\Java\jdk-21\bin\extnet.dll

Deoptimization events (20 events):
Event: 1.264 Thread 0x000001fa6b5a5b10 DEOPT PACKING pc=0x000001fa1826a538 sp=0x0000004fbb2fd0e0
Event: 1.264 Thread 0x000001fa6b5a5b10 DEOPT UNPACKING pc=0x000001fa17cd46a2 sp=0x0000004fbb2fd050 mode 2
Event: 1.301 Thread 0x000001fa6b5a5b10 DEOPT PACKING pc=0x000001fa10768f78 sp=0x0000004fbb2fca20
Event: 1.301 Thread 0x000001fa6b5a5b10 DEOPT UNPACKING pc=0x000001fa17cd4e42 sp=0x0000004fbb2fbe40 mode 0
Event: 1.706 Thread 0x000001fa6b5a5b10 Uncommon trap: trap_request=0xffffff45 fr.pc=0x000001fa18263c38 relative=0x0000000000000978
Event: 1.706 Thread 0x000001fa6b5a5b10 Uncommon trap: reason=unstable_if action=reinterpret pc=0x000001fa18263c38 method=java.util.HashMap.putVal(ILjava/lang/Object;Ljava/lang/Object;ZZ)Ljava/lang/Object; @ 181 c2
Event: 1.706 Thread 0x000001fa6b5a5b10 DEOPT PACKING pc=0x000001fa18263c38 sp=0x0000004fbb2fce80
Event: 1.706 Thread 0x000001fa6b5a5b10 DEOPT UNPACKING pc=0x000001fa17cd46a2 sp=0x0000004fbb2fce20 mode 2
Event: 1.707 Thread 0x000001fa6b5a5b10 Uncommon trap: trap_request=0xffffff45 fr.pc=0x000001fa18229354 relative=0x00000000000000b4
Event: 1.707 Thread 0x000001fa6b5a5b10 Uncommon trap: reason=unstable_if action=reinterpret pc=0x000001fa18229354 method=java.lang.String.hashCode()I @ 20 c2
Event: 1.707 Thread 0x000001fa6b5a5b10 DEOPT PACKING pc=0x000001fa18229354 sp=0x0000004fbb2fcef0
Event: 1.707 Thread 0x000001fa6b5a5b10 DEOPT UNPACKING pc=0x000001fa17cd46a2 sp=0x0000004fbb2fce80 mode 2
Event: 1.739 Thread 0x000001fa6b5a5b10 Uncommon trap: trap_request=0xffffff45 fr.pc=0x000001fa1827ac18 relative=0x00000000000003b8
Event: 1.739 Thread 0x000001fa6b5a5b10 Uncommon trap: reason=unstable_if action=reinterpret pc=0x000001fa1827ac18 method=java.lang.Character.isSurrogate(C)Z @ 3 c2
Event: 1.739 Thread 0x000001fa6b5a5b10 DEOPT PACKING pc=0x000001fa1827ac18 sp=0x0000004fbb2fcab0
Event: 1.739 Thread 0x000001fa6b5a5b10 DEOPT UNPACKING pc=0x000001fa17cd46a2 sp=0x0000004fbb2fc9b8 mode 2
Event: 1.786 Thread 0x000001fa24daf2b0 Uncommon trap: trap_request=0xffffff45 fr.pc=0x000001fa18251ee0 relative=0x0000000000000040
Event: 1.786 Thread 0x000001fa24daf2b0 Uncommon trap: reason=unstable_if action=reinterpret pc=0x000001fa18251ee0 method=java.util.concurrent.locks.AbstractQueuedSynchronizer.signalNext(Ljava/util/concurrent/locks/AbstractQueuedSynchronizer$Node;)V @ 1 c2
Event: 1.786 Thread 0x000001fa24daf2b0 DEOPT PACKING pc=0x000001fa18251ee0 sp=0x0000004fba0fef20
Event: 1.786 Thread 0x000001fa24daf2b0 DEOPT UNPACKING pc=0x000001fa17cd46a2 sp=0x0000004fba0feeb0 mode 2

Classes loaded (20 events):
Event: 1.869 Loading class java/awt/im/InputMethodRequests
Event: 1.869 Loading class java/awt/im/InputMethodRequests done
Event: 1.869 Loading class java/awt/im/spi/InputMethodContext done
Event: 1.869 Loading class sun/awt/im/InputContext
Event: 1.870 Loading class sun/awt/im/InputContext done
Event: 1.870 Loading class sun/awt/im/InputMethodContext done
Event: 1.870 Loading class sun/awt/windows/WInputMethod
Event: 1.871 Loading class sun/awt/im/InputMethodAdapter
Event: 1.871 Loading class java/awt/im/spi/InputMethod
Event: 1.871 Loading class java/awt/im/spi/InputMethod done
Event: 1.871 Loading class sun/awt/im/InputMethodAdapter done
Event: 1.871 Loading class sun/awt/windows/WInputMethod done
Event: 1.874 Loading class java/awt/event/MouseWheelEvent
Event: 1.874 Loading class java/awt/event/MouseWheelEvent done
Event: 1.874 Loading class java/awt/TextComponent
Event: 1.875 Loading class java/awt/TextComponent done
Event: 1.876 Loading class java/awt/KeyboardFocusManager$3
Event: 1.876 Loading class java/awt/KeyboardFocusManager$3 done
Event: 1.877 Loading class javax/swing/text/JTextComponent$InputMethodRequestsHandler
Event: 1.877 Loading class javax/swing/text/JTextComponent$InputMethodRequestsHandler done

Classes unloaded (0 events):
No events

Classes redefined (0 events):
No events

Internal exceptions (12 events):
Event: 0.155 Thread 0x000001fa0609b650 Exception <a 'java/lang/ClassNotFoundException'{0x0000000091a4f080}: sun/awt/resources/spi/awtProvider> (0x0000000091a4f080) 
thrown [s\open\src\hotspot\share\classfile\systemDictionary.cpp, line 312]
Event: 0.327 Thread 0x000001fa0609b650 Exception <a 'java/lang/ClassNotFoundException'{0x00000000919ab600}: com/sun/accessibility/internal/resources/spi/accessibilityProvider> (0x00000000919ab600) 
thrown [s\open\src\hotspot\share\classfile\systemDictionary.cpp, line 312]
Event: 0.373 Thread 0x000001fa0609b650 Exception <a 'java/lang/NoSuchMethodError'{0x000000009187d040}: 'void java.lang.invoke.DirectMethodHandle$Holder.invokeStatic(java.lang.Object, java.lang.Object)'> (0x000000009187d040) 
thrown [s\open\src\hotspot\share\interpreter\linkResolver.cpp, line 773]
Event: 0.399 Thread 0x000001fa0609b650 Exception <a 'java/lang/NoSuchMethodError'{0x000000009189d3b0}: 'void java.lang.invoke.DirectMethodHandle$Holder.invokeSpecial(java.lang.Object, java.lang.Object, java.lang.Object)'> (0x000000009189d3b0) 
thrown [s\open\src\hotspot\share\interpreter\linkResolver.cpp, line 773]
Event: 0.432 Thread 0x000001fa0609b650 Exception <a 'java/lang/NoSuchMethodError'{0x00000000918c2788}: 'java.lang.Object java.lang.invoke.DirectMethodHandle$Holder.newInvokeSpecial(java.lang.Object, java.lang.Object, java.lang.Object, java.lang.Object, java.lang.Object)'> (0x00000000918c2788) 
thrown [s\open\src\hotspot\share\interpreter\linkResolver.cpp, line 773]
Event: 0.456 Thread 0x000001fa0609b650 Exception <a 'java/lang/NoSuchMethodError'{0x0000000091702948}: 'java.lang.Object java.lang.invoke.DirectMethodHandle$Holder.invokeStatic(java.lang.Object, int, java.lang.Object)'> (0x0000000091702948) 
thrown [s\open\src\hotspot\share\interpreter\linkResolver.cpp, line 773]
Event: 0.504 Thread 0x000001fa0609b650 Exception <a 'java/lang/ClassNotFoundException'{0x00000000917a1f10}: com/sun/swing/internal/plaf/metal/resources/spi/metalProvider> (0x00000000917a1f10) 
thrown [s\open\src\hotspot\share\classfile\systemDictionary.cpp, line 312]
Event: 0.505 Thread 0x000001fa0609b650 Exception <a 'java/lang/ClassNotFoundException'{0x00000000917a5ea0}: com/sun/swing/internal/plaf/basic/resources/spi/basicProvider> (0x00000000917a5ea0) 
thrown [s\open\src\hotspot\share\classfile\systemDictionary.cpp, line 312]
Event: 0.524 Thread 0x000001fa0609b650 Exception <a 'java/lang/NoSuchMethodError'{0x00000000917c5280}: 'int java.lang.invoke.Invokers$Holder.invokeExact_MT(java.lang.Object, java.lang.Object)'> (0x00000000917c5280) 
thrown [s\open\src\hotspot\share\interpreter\linkResolver.cpp, line 773]
Event: 0.655 Thread 0x000001fa6a38ad50 Exception <a 'java/lang/NoSuchMethodError'{0x00000000915a7a28}: 'java.lang.Object java.lang.invoke.DirectMethodHandle$Holder.newInvokeSpecial(java.lang.Object, java.lang.Object, java.lang.Object, int, int, int, int, int)'> (0x00000000915a7a28) 
thrown [s\open\src\hotspot\share\interpreter\linkResolver.cpp, line 773]
Event: 1.025 Thread 0x000001fa6a2dfff0 Exception <a 'java/lang/NoSuchMethodError'{0x000000009180e618}: 'void java.lang.invoke.DirectMethodHandle$Holder.invokeVirtual(java.lang.Object, java.lang.Object)'> (0x000000009180e618) 
thrown [s\open\src\hotspot\share\interpreter\linkResolver.cpp, line 773]
Event: 1.063 Thread 0x000001fa0609b650 Exception <a 'java/lang/NoSuchMethodError'{0x0000000090c86a88}: 'void java.lang.invoke.DirectMethodHandle$Holder.invokeStaticInit(java.lang.Object)'> (0x0000000090c86a88) 
thrown [s\open\src\hotspot\share\interpreter\linkResolver.cpp, line 773]

ZGC Phase Switch (0 events):
No events

VM Operations (20 events):
Event: 0.324 Executing VM operation: HandshakeAllThreads (Deoptimize)
Event: 0.324 Executing VM operation: HandshakeAllThreads (Deoptimize) done
Event: 0.619 Executing VM operation: HandshakeAllThreads (Deoptimize)
Event: 0.619 Executing VM operation: HandshakeAllThreads (Deoptimize) done
Event: 0.689 Executing VM operation: HandshakeAllThreads (Deoptimize)
Event: 0.689 Executing VM operation: HandshakeAllThreads (Deoptimize) done
Event: 0.992 Executing VM operation: HandshakeAllThreads (Deoptimize)
Event: 0.992 Executing VM operation: HandshakeAllThreads (Deoptimize) done
Event: 1.237 Executing VM operation: HandshakeAllThreads (Deoptimize)
Event: 1.237 Executing VM operation: HandshakeAllThreads (Deoptimize) done
Event: 1.237 Executing VM operation: Cleanup
Event: 1.237 Executing VM operation: Cleanup done
Event: 1.244 Executing VM operation: HandshakeAllThreads (Deoptimize)
Event: 1.244 Executing VM operation: HandshakeAllThreads (Deoptimize) done
Event: 1.779 Executing VM operation: G1CollectForAllocation (G1 Evacuation Pause)
Event: 1.786 Executing VM operation: G1CollectForAllocation (G1 Evacuation Pause) done
Event: 1.817 Executing VM operation: HandshakeAllThreads (Deoptimize)
Event: 1.817 Executing VM operation: HandshakeAllThreads (Deoptimize) done
Event: 1.818 Executing VM operation: HandshakeAllThreads (Deoptimize)
Event: 1.818 Executing VM operation: HandshakeAllThreads (Deoptimize) done

Events (20 events):
Event: 0.083 Thread 0x000001fa24db50a0 Thread added: 0x000001fa24db50a0
Event: 0.083 Thread 0x000001fa24db5b00 Thread added: 0x000001fa24db5b00
Event: 0.083 Thread 0x000001fa24db6690 Thread added: 0x000001fa24db6690
Event: 0.083 Thread 0x000001fa24db8290 Thread added: 0x000001fa24db8290
Event: 0.083 Thread 0x000001fa24dcb2a0 Thread added: 0x000001fa24dcb2a0
Event: 0.112 Thread 0x000001fa6a0fd5d0 Thread added: 0x000001fa6a0fd5d0
Event: 0.117 Thread 0x000001fa6a100620 Thread added: 0x000001fa6a100620
Event: 0.290 Thread 0x000001fa6a151c10 Thread added: 0x000001fa6a151c10
Event: 0.293 Thread 0x000001fa6a2dcc90 Thread added: 0x000001fa6a2dcc90
Event: 0.294 Thread 0x000001fa6a2dfff0 Thread added: 0x000001fa6a2dfff0
Event: 0.347 Thread 0x000001fa6a32b990 Thread added: 0x000001fa6a32b990
Event: 0.370 Thread 0x000001fa6a336020 Thread added: 0x000001fa6a336020
Event: 0.535 Thread 0x000001fa6a38ad50 Thread added: 0x000001fa6a38ad50
Event: 0.775 Thread 0x000001fa6b33ae90 Thread added: 0x000001fa6b33ae90
Event: 0.816 Thread 0x000001fa6b470810 Thread added: 0x000001fa6b470810
Event: 1.029 Thread 0x000001fa6b5a5b10 Thread added: 0x000001fa6b5a5b10
Event: 1.051 Thread 0x000001fa6b470810 Thread exited: 0x000001fa6b470810
Event: 1.235 Thread 0x000001fa6b967c40 Thread added: 0x000001fa6b967c40
Event: 1.415 Thread 0x000001fa6b967c40 Thread exited: 0x000001fa6b967c40
Event: 1.773 Thread 0x000001fa6b8efff0 Thread added: 0x000001fa6b8efff0


Dynamic libraries:
0x00007ff689e40000 - 0x00007ff689e50000 	C:\Program Files\Java\jdk-21\bin\java.exe
0x00007ffb626f0000 - 0x00007ffb62907000 	C:\WINDOWS\SYSTEM32\ntdll.dll
0x00007ffb60560000 - 0x00007ffb60624000 	C:\WINDOWS\System32\KERNEL32.DLL
0x00007ffb5fa50000 - 0x00007ffb5fe22000 	C:\WINDOWS\System32\KERNELBASE.dll
0x00007ffb60190000 - 0x00007ffb602a1000 	C:\WINDOWS\System32\ucrtbase.dll
0x00007ffb28a50000 - 0x00007ffb28a6b000 	C:\Program Files\Java\jdk-21\bin\VCRUNTIME140.dll
0x00007ffb03800000 - 0x00007ffb03819000 	C:\Program Files\Java\jdk-21\bin\jli.dll
0x00007ffb62050000 - 0x00007ffb62101000 	C:\WINDOWS\System32\ADVAPI32.dll
0x00007ffb62380000 - 0x00007ffb62427000 	C:\WINDOWS\System32\msvcrt.dll
0x00007ffb61560000 - 0x00007ffb61608000 	C:\WINDOWS\System32\sechost.dll
0x00007ffb60350000 - 0x00007ffb60378000 	C:\WINDOWS\System32\bcrypt.dll
0x00007ffb60710000 - 0x00007ffb60827000 	C:\WINDOWS\System32\RPCRT4.dll
0x00007ffb603a0000 - 0x00007ffb60551000 	C:\WINDOWS\System32\USER32.dll
0x00007ffb498a0000 - 0x00007ffb49b3b000 	C:\WINDOWS\WinSxS\amd64_microsoft.windows.common-controls_6595b64144ccf1df_6.0.22621.5697_none_27154c497380d676\COMCTL32.dll
0x00007ffb60160000 - 0x00007ffb60186000 	C:\WINDOWS\System32\win32u.dll
0x00007ffb60f20000 - 0x00007ffb60f49000 	C:\WINDOWS\System32\GDI32.dll
0x00007ffb5f7e0000 - 0x00007ffb5f903000 	C:\WINDOWS\System32\gdi32full.dll
0x00007ffb602b0000 - 0x00007ffb6034a000 	C:\WINDOWS\System32\msvcp_win.dll
0x00007ffb5af40000 - 0x00007ffb5af4a000 	C:\WINDOWS\SYSTEM32\VERSION.dll
0x00007ffb608a0000 - 0x00007ffb608d1000 	C:\WINDOWS\System32\IMM32.DLL
0x00007ffb28860000 - 0x00007ffb2886c000 	C:\Program Files\Java\jdk-21\bin\vcruntime140_1.dll
0x00007ffaf9550000 - 0x00007ffaf95de000 	C:\Program Files\Java\jdk-21\bin\msvcp140.dll
0x00007ffaf8830000 - 0x00007ffaf9547000 	C:\Program Files\Java\jdk-21\bin\server\jvm.dll
0x00007ffb62300000 - 0x00007ffb62371000 	C:\WINDOWS\System32\WS2_32.dll
0x00007ffb5b7f0000 - 0x00007ffb5b824000 	C:\WINDOWS\SYSTEM32\WINMM.dll
0x00007ffb5e5d0000 - 0x00007ffb5e61d000 	C:\WINDOWS\SYSTEM32\POWRPROF.dll
0x00007ffb5e5b0000 - 0x00007ffb5e5c3000 	C:\WINDOWS\SYSTEM32\UMPDC.dll
0x00007ffb5e870000 - 0x00007ffb5e888000 	C:\WINDOWS\SYSTEM32\kernel.appcore.dll
0x00007ffb28410000 - 0x00007ffb2841a000 	C:\Program Files\Java\jdk-21\bin\jimage.dll
0x00007ffb575f0000 - 0x00007ffb57823000 	C:\WINDOWS\SYSTEM32\DBGHELP.DLL
0x00007ffb61060000 - 0x00007ffb613f2000 	C:\WINDOWS\System32\combase.dll
0x00007ffb60630000 - 0x00007ffb60708000 	C:\WINDOWS\System32\OLEAUT32.dll
0x00007ffb48de0000 - 0x00007ffb48e12000 	C:\WINDOWS\SYSTEM32\dbgcore.DLL
0x00007ffb600e0000 - 0x00007ffb6015b000 	C:\WINDOWS\System32\bcryptPrimitives.dll
0x00007ffb037e0000 - 0x00007ffb037ff000 	C:\Program Files\Java\jdk-21\bin\java.dll
0x00007ffb61680000 - 0x00007ffb61f21000 	C:\WINDOWS\System32\SHELL32.dll
0x00007ffb5f910000 - 0x00007ffb5fa4f000 	C:\WINDOWS\System32\wintypes.dll
0x00007ffb5d680000 - 0x00007ffb5df9a000 	C:\WINDOWS\SYSTEM32\windows.storage.dll
0x00007ffb61f40000 - 0x00007ffb6204b000 	C:\WINDOWS\System32\SHCORE.dll
0x00007ffb60980000 - 0x00007ffb609e9000 	C:\WINDOWS\System32\shlwapi.dll
0x00007ffb5f710000 - 0x00007ffb5f73b000 	C:\WINDOWS\SYSTEM32\profapi.dll
0x00007ffb03440000 - 0x00007ffb03517000 	C:\Program Files\Java\jdk-21\bin\jsvml.dll
0x00007ffaf86a0000 - 0x00007ffaf882f000 	C:\Program Files\Java\jdk-21\bin\awt.dll
0x00007ffb5af70000 - 0x00007ffb5b007000 	C:\WINDOWS\SYSTEM32\apphelp.dll
0x00007ffb5cf50000 - 0x00007ffb5cf7b000 	C:\WINDOWS\system32\DWMAPI.DLL
0x00007ffb5cd00000 - 0x00007ffb5cdb4000 	C:\WINDOWS\system32\uxtheme.dll
0x00007ffaf3410000 - 0x00007ffaf3510000 	C:\WINDOWS\system32\opengl32.dll
0x00007ffaf2ef0000 - 0x00007ffaf2f1d000 	C:\WINDOWS\SYSTEM32\GLU32.dll
0x00007ffb5cfc0000 - 0x00007ffb5cff7000 	C:\WINDOWS\SYSTEM32\dxcore.dll
0x00007ffb61400000 - 0x00007ffb61560000 	C:\WINDOWS\System32\MSCTF.dll
0x00007ffb62110000 - 0x00007ffb622b0000 	C:\WINDOWS\System32\ole32.dll
0x00007ffaf96b0000 - 0x00007ffaf96fa000 	C:\Program Files\Java\jdk-21\bin\javaaccessbridge.dll
0x00007ffb28ac0000 - 0x00007ffb28ac7000 	C:\Program Files\Java\jdk-21\bin\jawt.dll
0x00007ffb28aa0000 - 0x00007ffb28ab8000 	C:\Program Files\Java\jdk-21\bin\zip.dll
0x00007ffb03410000 - 0x00007ffb0343e000 	C:\Program Files\Java\jdk-21\bin\javajpeg.dll
0x00007ffaf9620000 - 0x00007ffaf96a7000 	C:\Program Files\Java\jdk-21\bin\freetype.dll
0x00007ffaf85b0000 - 0x00007ffaf8692000 	C:\Program Files\Java\jdk-21\bin\fontmanager.dll
0x00007ffb609f0000 - 0x00007ffb60aa0000 	C:\WINDOWS\System32\clbcatq.dll
0x00007ffb5cac0000 - 0x00007ffb5cc71000 	C:\WINDOWS\SYSTEM32\WindowsCodecs.dll
0x00007ffb32dd0000 - 0x00007ffb32e2e000 	C:\WINDOWS\system32\dataexchange.dll
0x00007ffb55bb0000 - 0x00007ffb55e56000 	C:\WINDOWS\system32\twinapi.appcore.dll
0x00007ffb44b40000 - 0x00007ffb44c85000 	C:\WINDOWS\SYSTEM32\textinputframework.dll
0x00007ffb28a90000 - 0x00007ffb28aa0000 	C:\Program Files\Java\jdk-21\bin\net.dll
0x00007ffb5b6c0000 - 0x00007ffb5b7ec000 	C:\WINDOWS\SYSTEM32\WINHTTP.dll
0x00007ffb5ed40000 - 0x00007ffb5eda9000 	C:\WINDOWS\system32\mswsock.dll
0x00007ffb28a30000 - 0x00007ffb28a46000 	C:\Program Files\Java\jdk-21\bin\nio.dll
0x00007ffb283c0000 - 0x00007ffb283c9000 	C:\Program Files\Java\jdk-21\bin\extnet.dll
0x00007ffb5aa90000 - 0x00007ffb5abc3000 	C:\WINDOWS\SYSTEM32\CoreMessaging.dll
0x00007ffb56fd0000 - 0x00007ffb5733c000 	C:\WINDOWS\SYSTEM32\CoreUIComponents.dll
0x00007ffb5ef60000 - 0x00007ffb5ef6c000 	C:\WINDOWS\SYSTEM32\CRYPTBASE.DLL

dbghelp: loaded successfully - version: 4.0.5 - missing functions: none
symbol engine: initialized successfully - sym options: 0x614 - pdb path: .;C:\Program Files\Java\jdk-21\bin;C:\WINDOWS\SYSTEM32;C:\WINDOWS\WinSxS\amd64_microsoft.windows.common-controls_6595b64144ccf1df_6.0.22621.5697_none_27154c497380d676;C:\Program Files\Java\jdk-21\bin\server

VM Arguments:
java_command: chatting.application.Server
java_class_path (initial): .
Launcher Type: SUN_STANDARD

[Global flags]
     intx CICompilerCount                          = 4                                         {product} {ergonomic}
     uint ConcGCThreads                            = 3                                         {product} {ergonomic}
     uint G1ConcRefinementThreads                  = 10                                        {product} {ergonomic}
   size_t G1HeapRegionSize                         = 1048576                                   {product} {ergonomic}
    uintx GCDrainStackTargetSize                   = 64                                        {product} {ergonomic}
   size_t InitialHeapSize                          = 123731968                                 {product} {ergonomic}
   size_t MarkStackSize                            = 4194304                                   {product} {ergonomic}
   size_t MaxHeapSize                              = 1973420032                                {product} {ergonomic}
   size_t MaxNewSize                               = 1183842304                                {product} {ergonomic}
   size_t MinHeapDeltaBytes                        = 1048576                                   {product} {ergonomic}
   size_t MinHeapSize                              = 8388608                                   {product} {ergonomic}
    uintx NonNMethodCodeHeapSize                   = 5839372                                {pd product} {ergonomic}
    uintx NonProfiledCodeHeapSize                  = 122909434                              {pd product} {ergonomic}
    uintx ProfiledCodeHeapSize                     = 122909434                              {pd product} {ergonomic}
    uintx ReservedCodeCacheSize                    = 251658240                              {pd product} {ergonomic}
     bool SegmentedCodeCache                       = true                                      {product} {ergonomic}
   size_t SoftMaxHeapSize                          = 1973420032                             {manageable} {ergonomic}
     bool UseCompressedOops                        = true                           {product lp64_product} {ergonomic}
     bool UseG1GC                                  = true                                      {product} {ergonomic}
     bool UseLargePagesIndividualAllocation        = false                                  {pd product} {ergonomic}

Logging:
Log output configuration:
 #0: stdout all=warning uptime,level,tags foldmultilines=false
 #1: stderr all=off uptime,level,tags foldmultilines=false

Environment Variables:
PATH=C:\Program Files\Common Files\Oracle\Java\javapath;C:\Program Files (x86)\Common Files\Oracle\Java\java8path;C:\Program Files (x86)\Common Files\Oracle\Java\javapath;C:\windows\system32;C:\windows;C:\windows\System32\Wbem;C:\windows\System32\WindowsPowerShell\v1.0\;C:\windows\System32\OpenSSH\;C:\Program Files (x86)\NVIDIA Corporation\PhysX\Common;C:\Program Files\NVIDIA Corporation\NVIDIA NvDLISR;C:\WINDOWS\system32;C:\WINDOWS;C:\WINDOWS\System32\Wbem;C:\WINDOWS\System32\WindowsPowerShell\v1.0\;C:\WINDOWS\System32\OpenSSH\;C:\MinGW\bin;C:\Program Files\nodejs\;C:\Program Files\Git\cmd;C:\Program Files\dotnet\;;C:\Program Files\Docker\Docker\resources\bin;C:\Users\Anshul Dhiman\AppData\Local\Programs\Python\Python313\Scripts\;C:\Users\Anshul Dhiman\AppData\Local\Programs\Python\Python313\;C:\Users\Anshul Dhiman\AppData\Local\Programs\Python\Launcher\;C:\Users\Anshul Dhiman\AppData\Local\Microsoft\WindowsApps;;C:\Users\Anshul Dhiman\AppData\Local\Programs\Microsoft VS Code\bin;C:\Users\Anshul Dhiman\AppData\Roaming\npm
USERNAME=Anshul Dhiman
LANG=en_US.UTF-8
OS=Windows_NT
PROCESSOR_IDENTIFIER=AMD64 Family 25 Model 80 Stepping 0, AuthenticAMD
TMP=C:\Users\ANSHUL~1\AppData\Local\Temp
TEMP=C:\Users\ANSHUL~1\AppData\Local\Temp




Periodic native trim disabled

---------------  S Y S T E M  ---------------

OS:
 Windows 11 , 64 bit Build 22621 (10.0.22621.5415)
OS uptime: 0 days 5:22 hours
Hyper-V role detected

CPU: total 12 (initial active 12) (12 cores per cpu, 2 threads per core) family 25 model 80 stepping 0 microcode 0x0, cx8, cmov, fxsr, ht, mmx, 3dnowpref, sse, sse2, sse3, ssse3, sse4a, sse4.1, sse4.2, popcnt, lzcnt, tsc, tscinvbit, avx, avx2, aes, erms, clmul, bmi1, bmi2, adx, sha, fma, vzeroupper, clflush, clflushopt, hv, rdtscp, rdpid, fsrm, f16c, cet_ss
Processor Information for processor 0
  Max Mhz: 3301, Current Mhz: 1805, Mhz Limit: 3301
Processor Information for processor 1
  Max Mhz: 3301, Current Mhz: 1908, Mhz Limit: 3301
Processor Information for processor 2
  Max Mhz: 3301, Current Mhz: 1805, Mhz Limit: 3301
Processor Information for processor 3
  Max Mhz: 3301, Current Mhz: 1908, Mhz Limit: 3301
Processor Information for processor 4
  Max Mhz: 3301, Current Mhz: 1908, Mhz Limit: 3301
Processor Information for processor 5
  Max Mhz: 3301, Current Mhz: 1805, Mhz Limit: 3301
Processor Information for processor 6
  Max Mhz: 3301, Current Mhz: 1908, Mhz Limit: 3301
Processor Information for processor 7
  Max Mhz: 3301, Current Mhz: 1805, Mhz Limit: 3301
Processor Information for processor 8
  Max Mhz: 3301, Current Mhz: 1805, Mhz Limit: 3301
Processor Information for processor 9
  Max Mhz: 3301, Current Mhz: 1805, Mhz Limit: 3301
Processor Information for processor 10
  Max Mhz: 3301, Current Mhz: 1805, Mhz Limit: 3301
Processor Information for processor 11
  Max Mhz: 3301, Current Mhz: 1805, Mhz Limit: 3301

Memory: 4k page, system-wide physical 7521M (637M free)
TotalPageFile size 13451M (AvailPageFile size 10M)
current process WorkingSet (physical memory assigned to process): 106M, peak: 106M
current process commit charge ("private bytes"): 230M, peak: 230M

vm_info: Java HotSpot(TM) 64-Bit Server VM (21.0.2+13-LTS-58) for windows-amd64 JRE (21.0.2+13-LTS-58), built on 2024-01-05T18:32:24Z by "mach5one" with MS VC++ 17.1 (VS2022)

END.
