#
# There is insufficient memory for the Java Runtime Environment to continue.
# Native memory allocation (mmap) failed to map 65536 bytes for Failed to commit metaspace.
# Possible reasons:
#   The system is out of physical RAM or swap space
#   The process is running with CompressedOops enabled, and the Java Heap may be blocking the growth of the native heap
# Possible solutions:
#   Reduce memory load on the system
#   Increase physical memory or swap space
#   Check if swap backing store is full
#   Decrease Java heap size (-Xmx/-Xms)
#   Decrease number of Java threads
#   Decrease Java thread stack sizes (-Xss)
#   Set larger code cache with -XX:ReservedCodeCacheSize=
#   JVM is running with Unscaled Compressed Oops mode in which the Java heap is
#     placed in the first 4GB address space. The Java Heap base address is the
#     maximum limit for the native heap growth. Please use -XX:HeapBaseMinAddress
#     to set the Java Heap base and to place the Java Heap above 4GB virtual address.
# This output file may be truncated or incomplete.
#
#  Out of Memory Error (virtualSpaceNode.cpp:112), pid=13180, tid=17164
#
# JRE version:  (21.0.2+13) (build )
# Java VM: Java HotSpot(TM) 64-Bit Server VM (21.0.2+13-LTS-58, mixed mode, tiered, compressed oops, compressed class ptrs, g1 gc, windows-amd64)
# No core dump will be written. Minidumps are not enabled by default on client versions of Windows
#

---------------  S U M M A R Y ------------

Command Line: -Dapplication.home=C:\Program Files\Java\jdk-21 --add-modules=ALL-DEFAULT -Xms8m -Djdk.module.main=jdk.compiler jdk.compiler/com.sun.tools.javac.Main Server.java

Host: AMD Ryzen 5 5600H with Radeon Graphics         , 12 cores, 7G,  Windows 11 , 64 bit Build 22621 (10.0.22621.5415)
Time: Wed Jul 30 16:19:27 2025 India Standard Time elapsed time: 0.067564 seconds (0d 0h 0m 0s)

---------------  T H R E A D  ---------------

Current thread (0x0000022c79279920):  JavaThread "main"             [_thread_in_vm, id=17164, stack(0x000000b99e400000,0x000000b99e500000) (1024K)]

Stack: [0x000000b99e400000,0x000000b99e500000]
Native frames: (J=compiled Java code, j=interpreted, Vv=VM code, C=native code)
V  [jvm.dll+0x6cade9]
V  [jvm.dll+0x8569c1]
V  [jvm.dll+0x858d2e]
V  [jvm.dll+0x859413]
V  [jvm.dll+0x280e56]
V  [jvm.dll+0x8526ee]
V  [jvm.dll+0x66e705]
V  [jvm.dll+0x66e76a]
V  [jvm.dll+0x670f96]
V  [jvm.dll+0x670e62]
V  [jvm.dll+0x66f0de]
V  [jvm.dll+0x26c721]
V  [jvm.dll+0x218617]
V  [jvm.dll+0x20dd9e]
V  [jvm.dll+0x5ad3dc]
V  [jvm.dll+0x21f76a]
V  [jvm.dll+0x7cec21]
V  [jvm.dll+0x7cfc85]
V  [jvm.dll+0x7d022f]
V  [jvm.dll+0x7cfed8]
V  [jvm.dll+0x26ed7b]
V  [jvm.dll+0x26efaa]
V  [jvm.dll+0x5d0147]
V  [jvm.dll+0x5d30ff]
V  [jvm.dll+0x3d7870]
V  [jvm.dll+0x3d6eed]
C  0x0000022c0f8e9600

The last pc belongs to invokestatic (printed below).
Java frames: (J=compiled Java code, j=interpreted, Vv=VM code)
j  java.lang.Class.newReflectionData(Ljava/lang/ref/SoftReference;I)Ljava/lang/Class$ReflectionData;+19 java.base
j  java.lang.Class.reflectionData()Ljava/lang/Class$ReflectionData;+39 java.base
j  java.lang.Class.privateGetDeclaredConstructors(Z)[Ljava/lang/reflect/Constructor;+1 java.base
j  java.lang.Class.getConstructor0([Ljava/lang/Class;I)Ljava/lang/reflect/Constructor;+14 java.base
j  java.lang.Class.newInstance()Ljava/lang/Object;+54 java.base
j  sun.nio.cs.StandardCharsets.lookup(Ljava/lang/String;)Ljava/nio/charset/Charset;+125 java.base
j  sun.nio.cs.StandardCharsets.charsetForName(Ljava/lang/String;)Ljava/nio/charset/Charset;+6 java.base
j  java.nio.charset.Charset.lookup2(Ljava/lang/String;)Ljava/nio/charset/Charset;+39 java.base
j  java.nio.charset.Charset.lookup(Ljava/lang/String;)Ljava/nio/charset/Charset;+40 java.base
j  java.nio.charset.Charset.isSupported(Ljava/lang/String;)Z+1 java.base
j  java.lang.System.initPhase1()V+37 java.base
v  ~StubRoutines::call_stub 0x0000022c0f8d100d
invokestatic  184 invokestatic  [0x0000022c0f8e9560, 0x0000022c0f8e97f8]  664 bytes
[MachCode]
  0x0000022c0f8e9560: 4883 ec08 | c5fa 1104 | 24eb 1f48 | 83ec 10c5 | fb11 0424 | eb14 4883 | ec10 4889 | 0424 48c7 
  0x0000022c0f8e9580: 4424 0800 | 0000 00eb | 0150 4c89 | 6dc0 410f | b755 0148 | 8b4d d0c1 | e202 8b5c | d138 c1eb 
  0x0000022c0f8e95a0: 1081 e3ff | 0000 0081 | fbb8 0000 | 000f 84b4 | 0000 00bb | b800 0000 | e805 0000 | 00e9 9900 
  0x0000022c0f8e95c0: 0000 488b | d348 8d44 | 2408 4c89 | 6dc0 498b | cfc5 f877 | 4989 afa8 | 0300 0049 | 8987 9803 
  0x0000022c0f8e95e0: 0000 4883 | ec20 40f6 | c40f 0f84 | 1900 0000 | 4883 ec08 | 48b8 806e | 1bd8 fa7f | 0000 ffd0 
  0x0000022c0f8e9600: 4883 c408 | e90c 0000 | 0048 b880 | 6e1b d8fa | 7f00 00ff | d048 83c4 | 2049 c787 | 9803 0000 
  0x0000022c0f8e9620: 0000 0000 | 49c7 87a8 | 0300 0000 | 0000 0049 | c787 a003 | 0000 0000 | 0000 c5f8 | 7749 837f 
  0x0000022c0f8e9640: 0800 0f84 | 0500 0000 | e9b3 78fe | ff4c 8b6d | c04c 8b75 | c84e 8d74 | f500 c341 | 0fb7 5501 
  0x0000022c0f8e9660: 488b 4dd0 | c1e2 0248 | 8b5c d140 | 488b 5b08 | 488b 5b08 | 488b 5b18 | 80bb 2001 | 0000 050f 
  0x0000022c0f8e9680: 840d 0000 | 004c 3bbb | 3001 0000 | 0f85 21ff | ffff 488b | 5cd1 408b | 54d1 50c1 | ea1c 49ba 
  0x0000022c0f8e96a0: 10c6 a2d8 | fa7f 0000 | 498b 14d2 | 5248 8b45 | d848 85c0 | 0f84 1200 | 0000 4883 | 4008 0148 
  0x0000022c0f8e96c0: 8358 0800 | 4883 c010 | 4889 45d8 | 488b 45d8 | 4885 c00f | 8411 0100 | 0080 78f0 | 0a0f 8507 
  0x0000022c0f8e96e0: 0100 0048 | 83c0 084c | 8b68 f841 | 83ed 0041 | 83fd 020f | 8ce6 0000 | 004c 8b6b | 0845 0fb7 
  0x0000022c0f8e9700: 6d2e 4c2b | 2841 83ed | 014e 8b6c | ec08 4d85 | ed75 0748 | 8348 0801 | eb41 458b | 6d08 49c1 
  0x0000022c0f8e9720: e503 4c33 | 6808 49f7 | c5fc ffff | ff74 2c41 | f6c5 0275 | 2648 8378 | 0800 741b | 4883 7808 
  0x0000022c0f8e9740: 0174 144c | 3368 0849 | f7c5 fcff | ffff 740b | 4883 4808 | 02eb 044c | 8968 0848 | 83c0 104c 
  0x0000022c0f8e9760: 8b68 e841 | 83ed 0241 | 83fd 020f | 8c6e 0000 | 004c 8b6b | 0845 0fb7 | 6d2e 4c2b | 2841 83ed 
  0x0000022c0f8e9780: 014e 8b6c | ec08 4d85 | ed75 0748 | 8348 0801 | eb41 458b | 6d08 49c1 | e503 4c33 | 6808 49f7 
  0x0000022c0f8e97a0: c5fc ffff | ff74 2c41 | f6c5 0275 | 2648 8378 | 0800 741b | 4883 7808 | 0174 144c | 3368 0849 
  0x0000022c0f8e97c0: f7c5 fcff | ffff 740b | 4883 4808 | 02eb 044c | 8968 0848 | 83c0 104c | 8b68 d841 | 83ed 0441 
  0x0000022c0f8e97e0: c1e5 0349 | 03c5 4889 | 45d8 4c8d | 6c24 084c | 896d f0ff | 6350 6690 
[/MachCode]

---------------  P R O C E S S  ---------------

Threads class SMR info:
_java_thread_list=0x0000022c174bce10, length=1, elements={
0x0000022c79279920
}

Java Threads: ( => current thread )
=>0x0000022c79279920 JavaThread "main"                              [_thread_in_vm, id=17164, stack(0x000000b99e400000,0x000000b99e500000) (1024K)]
Total: 1

Other Threads:
  0x0000022c17525c40 VMThread "VM Thread"                           [id=2332, stack(0x000000b99eb00000,0x000000b99ec00000) (1024K)]
  0x0000022c79324300 WatcherThread "VM Periodic Task Thread"        [id=11784, stack(0x000000b99ea00000,0x000000b99eb00000) (1024K)]
  0x0000022c792c9b30 WorkerThread "GC Thread#0"                     [id=15992, stack(0x000000b99e500000,0x000000b99e600000) (1024K)]
  0x0000022c792da010 ConcurrentGCThread "G1 Main Marker"            [id=17320, stack(0x000000b99e600000,0x000000b99e700000) (1024K)]
  0x0000022c792dab10 WorkerThread "G1 Conc#0"                       [id=2116, stack(0x000000b99e700000,0x000000b99e800000) (1024K)]
  0x0000022c7930fc40 ConcurrentGCThread "G1 Refine#0"               [id=19872, stack(0x000000b99e800000,0x000000b99e900000) (1024K)]
  0x0000022c793107b0 ConcurrentGCThread "G1 Service"                [id=18120, stack(0x000000b99e900000,0x000000b99ea00000) (1024K)]
Total: 7

Threads with active compile tasks:
Total: 0

VM state: not at safepoint (normal execution)

VM Mutex/Monitor currently owned by a thread:  ([mutex/lock_event])
[0x00007ffad8a1ace8] Metaspace_lock - owner thread: 0x0000022c79279920

Heap address: 0x000000008a600000, size: 1882 MB, Compressed Oops mode: 32-bit

CDS archive(s) not mapped
Compressed class space mapped at: 0x0000000100000000-0x0000000140000000, reserved size: 1073741824
Narrow klass base: 0x0000000000000000, Narrow klass shift: 3, Narrow klass range: 0x140000000

GC Precious Log:
 CardTable entry size: 512
 Card Set container configuration: InlinePtr #cards 5 size 8 Array Of Cards #cards 12 size 40 Howl #buckets 4 coarsen threshold 1843 Howl Bitmap #cards 512 size 80 coarsen threshold 460 Card regions per heap region 1 cards per card region 2048
 CPUs: 12 total, 12 available
 Memory: 7521M
 Large Page Support: Disabled
 NUMA Support: Disabled
 Compressed Oops: Enabled (32-bit)
 Heap Region Size: 1M
 Heap Min Capacity: 8M
 Heap Initial Capacity: 8M
 Heap Max Capacity: 1882M
 Pre-touch: Disabled
 Parallel Workers: 10
 Concurrent Workers: 3
 Concurrent Refinement Workers: 10
 Periodic GC: Disabled

Heap:
 garbage-first heap   total 8192K, used 0K [0x000000008a600000, 0x0000000100000000)
  region size 1024K, 1 young (1024K), 0 survivors (0K)
 Metaspace       used 2349K, committed 2368K, reserved 1114112K
  class space    used 173K, committed 192K, reserved 1048576K

Heap Regions: E=young(eden), S=young(survivor), O=old, HS=humongous(starts), HC=humongous(continues), CS=collection set, F=free, TAMS=top-at-mark-start, PB=parsable bottom
|   0|0x000000008a600000, 0x000000008a600000, 0x000000008a700000|  0%| F|  |TAMS 0x000000008a600000| PB 0x000000008a600000| Untracked 
|   1|0x000000008a700000, 0x000000008a700000, 0x000000008a800000|  0%| F|  |TAMS 0x000000008a700000| PB 0x000000008a700000| Untracked 
|   2|0x000000008a800000, 0x000000008a800000, 0x000000008a900000|  0%| F|  |TAMS 0x000000008a800000| PB 0x000000008a800000| Untracked 
|   3|0x000000008a900000, 0x000000008a900000, 0x000000008aa00000|  0%| F|  |TAMS 0x000000008a900000| PB 0x000000008a900000| Untracked 
|   4|0x000000008aa00000, 0x000000008aa00000, 0x000000008ab00000|  0%| F|  |TAMS 0x000000008aa00000| PB 0x000000008aa00000| Untracked 
|   5|0x000000008ab00000, 0x000000008ab00000, 0x000000008ac00000|  0%| F|  |TAMS 0x000000008ab00000| PB 0x000000008ab00000| Untracked 
|   6|0x000000008ac00000, 0x000000008ac00000, 0x000000008ad00000|  0%| F|  |TAMS 0x000000008ac00000| PB 0x000000008ac00000| Untracked 
|   7|0x000000008ad00000, 0x000000008ad1ee00, 0x000000008ae00000| 12%| E|  |TAMS 0x000000008ad00000| PB 0x000000008ad00000| Complete 

Card table byte_map: [0x0000022c79c40000,0x0000022c79ff0000] _byte_map_base: 0x0000022c797ed000

Marking Bits: (CMBitMap*) 0x0000022c792caa40
 Bits: [0x0000022c79ff0000, 0x0000022c7bd58000)

Polling page: 0x0000022c78a40000

Metaspace:

Usage:
  Non-class:      2.12 MB used.
      Class:    173.44 KB used.
       Both:      2.29 MB used.

Virtual space:
  Non-class space:       64.00 MB reserved,       2.12 MB (  3%) committed,  1 nodes.
      Class space:        1.00 GB reserved,     192.00 KB ( <1%) committed,  1 nodes.
             Both:        1.06 GB reserved,       2.31 MB ( <1%) committed. 

Chunk freelists:
   Non-Class:  12.00 MB
       Class:  15.75 MB
        Both:  27.75 MB

MaxMetaspaceSize: unlimited
CompressedClassSpaceSize: 1.00 GB
Initial GC threshold: 21.00 MB
Current GC threshold: 17179869184.00 GB
CDS: off
 - commit_granule_bytes: 65536.
 - commit_granule_words: 8192.
 - virtual_space_node_default_size: 8388608.
 - enlarge_chunks_in_place: 1.
 - use_allocation_guard: 0.


Internal statistics:

num_allocs_failed_limit: 0.
num_arena_births: 2.
num_arena_deaths: 0.
num_vsnodes_births: 2.
num_vsnodes_deaths: 0.
num_space_committed: 37.
num_space_uncommitted: 0.
num_chunks_returned_to_freelist: 0.
num_chunks_taken_from_freelist: 3.
num_chunk_merges: 0.
num_chunk_splits: 2.
num_chunks_enlarged: 0.
num_inconsistent_stats: 0.

CodeHeap 'non-profiled nmethods': size=120000Kb used=0Kb max_used=0Kb free=120000Kb
 bounds [0x0000022c0fe70000, 0x0000022c100e0000, 0x0000022c173a0000]
CodeHeap 'profiled nmethods': size=120000Kb used=0Kb max_used=0Kb free=120000Kb
 bounds [0x0000022c083a0000, 0x0000022c08610000, 0x0000022c0f8d0000]
CodeHeap 'non-nmethods': size=5760Kb used=414Kb max_used=414Kb free=5345Kb
 bounds [0x0000022c0f8d0000, 0x0000022c0fb40000, 0x0000022c0fe70000]
 total_blobs=166 nmethods=0 adapters=136
 compilation: enabled
              stopped_count=0, restarted_count=0
 full_count=0

Compilation events (0 events):
No events

GC Heap History (0 events):
No events

Dll operation events (1 events):
Event: 0.006 Loaded shared library C:\Program Files\Java\jdk-21\bin\java.dll

Deoptimization events (0 events):
No events

Classes loaded (20 events):
Event: 0.064 Loading class sun/nio/cs/UTF_8 done
Event: 0.064 Loading class sun/nio/cs/ISO_8859_1
Event: 0.064 Loading class sun/nio/cs/ISO_8859_1 done
Event: 0.064 Loading class sun/nio/cs/US_ASCII
Event: 0.064 Loading class sun/nio/cs/US_ASCII done
Event: 0.064 Loading class java/nio/charset/StandardCharsets
Event: 0.064 Loading class java/nio/charset/StandardCharsets done
Event: 0.064 Loading class sun/nio/cs/UTF_16BE
Event: 0.064 Loading class sun/nio/cs/UTF_16BE done
Event: 0.065 Loading class sun/nio/cs/UTF_16LE
Event: 0.065 Loading class sun/nio/cs/UTF_16LE done
Event: 0.065 Loading class sun/nio/cs/UTF_16
Event: 0.065 Loading class sun/nio/cs/UTF_16 done
Event: 0.065 Loading class sun/nio/cs/StandardCharsets$Classes
Event: 0.065 Loading class sun/nio/cs/StandardCharsets$Classes done
Event: 0.065 Loading class sun/nio/cs/MS1252
Event: 0.065 Loading class sun/nio/cs/MS1252 done
Event: 0.065 Loading class java/lang/Class$ReflectionData
Event: 0.065 Loading class java/lang/Class$ReflectionData done
Event: 0.065 Loading class java/lang/Class$Atomic

Classes unloaded (0 events):
No events

Classes redefined (0 events):
No events

Internal exceptions (0 events):
No events

ZGC Phase Switch (0 events):
No events

VM Operations (0 events):
No events

Events (1 events):
Event: 0.010 Thread 0x0000022c79279920 Thread added: 0x0000022c79279920


Dynamic libraries:
0x00007ff74ba30000 - 0x00007ff74ba38000 	C:\Program Files\Java\jdk-21\bin\javac.exe
0x00007ffb626f0000 - 0x00007ffb62907000 	C:\WINDOWS\SYSTEM32\ntdll.dll
0x00007ffb60560000 - 0x00007ffb60624000 	C:\WINDOWS\System32\KERNEL32.DLL
0x00007ffb5fa50000 - 0x00007ffb5fe22000 	C:\WINDOWS\System32\KERNELBASE.dll
0x00007ffb60190000 - 0x00007ffb602a1000 	C:\WINDOWS\System32\ucrtbase.dll
0x00007ffb3ad90000 - 0x00007ffb3adab000 	C:\Program Files\Java\jdk-21\bin\VCRUNTIME140.dll
0x00007ffb3ad70000 - 0x00007ffb3ad89000 	C:\Program Files\Java\jdk-21\bin\jli.dll
0x00007ffb62050000 - 0x00007ffb62101000 	C:\WINDOWS\System32\ADVAPI32.dll
0x00007ffb62380000 - 0x00007ffb62427000 	C:\WINDOWS\System32\msvcrt.dll
0x00007ffb61560000 - 0x00007ffb61608000 	C:\WINDOWS\System32\sechost.dll
0x00007ffb60350000 - 0x00007ffb60378000 	C:\WINDOWS\System32\bcrypt.dll
0x00007ffb60710000 - 0x00007ffb60827000 	C:\WINDOWS\System32\RPCRT4.dll
0x00007ffb603a0000 - 0x00007ffb60551000 	C:\WINDOWS\System32\USER32.dll
0x00007ffb60160000 - 0x00007ffb60186000 	C:\WINDOWS\System32\win32u.dll
0x00007ffb498a0000 - 0x00007ffb49b3b000 	C:\WINDOWS\WinSxS\amd64_microsoft.windows.common-controls_6595b64144ccf1df_6.0.22621.5697_none_27154c497380d676\COMCTL32.dll
0x00007ffb60f20000 - 0x00007ffb60f49000 	C:\WINDOWS\System32\GDI32.dll
0x00007ffb5f7e0000 - 0x00007ffb5f903000 	C:\WINDOWS\System32\gdi32full.dll
0x00007ffb602b0000 - 0x00007ffb6034a000 	C:\WINDOWS\System32\msvcp_win.dll
0x00007ffb5af40000 - 0x00007ffb5af4a000 	C:\WINDOWS\SYSTEM32\VERSION.dll
0x00007ffb608a0000 - 0x00007ffb608d1000 	C:\WINDOWS\System32\IMM32.DLL
0x00007ffb5abe0000 - 0x00007ffb5abec000 	C:\Program Files\Java\jdk-21\bin\vcruntime140_1.dll
0x00007ffb28a40000 - 0x00007ffb28ace000 	C:\Program Files\Java\jdk-21\bin\msvcp140.dll
0x00007ffad7de0000 - 0x00007ffad8af7000 	C:\Program Files\Java\jdk-21\bin\server\jvm.dll
0x00007ffb62300000 - 0x00007ffb62371000 	C:\WINDOWS\System32\WS2_32.dll
0x00007ffb5e5d0000 - 0x00007ffb5e61d000 	C:\WINDOWS\SYSTEM32\POWRPROF.dll
0x00007ffb5b7f0000 - 0x00007ffb5b824000 	C:\WINDOWS\SYSTEM32\WINMM.dll
0x00007ffb5e5b0000 - 0x00007ffb5e5c3000 	C:\WINDOWS\SYSTEM32\UMPDC.dll
0x00007ffb5e870000 - 0x00007ffb5e888000 	C:\WINDOWS\SYSTEM32\kernel.appcore.dll
0x00007ffb3ad60000 - 0x00007ffb3ad6a000 	C:\Program Files\Java\jdk-21\bin\jimage.dll
0x00007ffb575f0000 - 0x00007ffb57823000 	C:\WINDOWS\SYSTEM32\DBGHELP.DLL
0x00007ffb61060000 - 0x00007ffb613f2000 	C:\WINDOWS\System32\combase.dll
0x00007ffb60630000 - 0x00007ffb60708000 	C:\WINDOWS\System32\OLEAUT32.dll
0x00007ffb48de0000 - 0x00007ffb48e12000 	C:\WINDOWS\SYSTEM32\dbgcore.DLL
0x00007ffb600e0000 - 0x00007ffb6015b000 	C:\WINDOWS\System32\bcryptPrimitives.dll
0x00007ffb28a20000 - 0x00007ffb28a3f000 	C:\Program Files\Java\jdk-21\bin\java.dll
0x00007ffb61680000 - 0x00007ffb61f21000 	C:\WINDOWS\System32\SHELL32.dll
0x00007ffb5f910000 - 0x00007ffb5fa4f000 	C:\WINDOWS\System32\wintypes.dll
0x00007ffb5d680000 - 0x00007ffb5df9a000 	C:\WINDOWS\SYSTEM32\windows.storage.dll
0x00007ffb61f40000 - 0x00007ffb6204b000 	C:\WINDOWS\System32\SHCORE.dll
0x00007ffb60980000 - 0x00007ffb609e9000 	C:\WINDOWS\System32\shlwapi.dll
0x00007ffb5f710000 - 0x00007ffb5f73b000 	C:\WINDOWS\SYSTEM32\profapi.dll

dbghelp: loaded successfully - version: 4.0.5 - missing functions: none
symbol engine: initialized successfully - sym options: 0x614 - pdb path: .;C:\Program Files\Java\jdk-21\bin;C:\WINDOWS\SYSTEM32;C:\WINDOWS\WinSxS\amd64_microsoft.windows.common-controls_6595b64144ccf1df_6.0.22621.5697_none_27154c497380d676;C:\Program Files\Java\jdk-21\bin\server

VM Arguments:
jvm_args: -Dapplication.home=C:\Program Files\Java\jdk-21 --add-modules=ALL-DEFAULT -Xms8m -Djdk.module.main=jdk.compiler 
java_command: jdk.compiler/com.sun.tools.javac.Main Server.java
java_class_path (initial): <not set>
Launcher Type: SUN_STANDARD

[Global flags]
     intx CICompilerCount                          = 4                                         {product} {ergonomic}
     uint ConcGCThreads                            = 3                                         {product} {ergonomic}
     uint G1ConcRefinementThreads                  = 10                                        {product} {ergonomic}
   size_t G1HeapRegionSize                         = 1048576                                   {product} {ergonomic}
    uintx GCDrainStackTargetSize                   = 64                                        {product} {ergonomic}
   size_t InitialHeapSize                          = 8388608                                   {product} {command line}
   size_t MarkStackSize                            = 4194304                                   {product} {ergonomic}
   size_t MaxHeapSize                              = 1973420032                                {product} {ergonomic}
   size_t MaxNewSize                               = 1183842304                                {product} {ergonomic}
   size_t MinHeapDeltaBytes                        = 1048576                                   {product} {ergonomic}
   size_t MinHeapSize                              = 8388608                                   {product} {command line}
    uintx NonNMethodCodeHeapSize                   = 5839372                                {pd product} {ergonomic}
    uintx NonProfiledCodeHeapSize                  = 122909434                              {pd product} {ergonomic}
    uintx ProfiledCodeHeapSize                     = 122909434                              {pd product} {ergonomic}
    uintx ReservedCodeCacheSize                    = 251658240                              {pd product} {ergonomic}
     bool SegmentedCodeCache                       = true                                      {product} {ergonomic}
   size_t SoftMaxHeapSize                          = 1973420032                             {manageable} {ergonomic}
     bool UseCompressedOops                        = true                           {product lp64_product} {ergonomic}
     bool UseG1GC                                  = true                                      {product} {ergonomic}
     bool UseLargePagesIndividualAllocation        = false                                  {pd product} {ergonomic}

Logging:
Log output configuration:
 #0: stdout all=warning uptime,level,tags foldmultilines=false
 #1: stderr all=off uptime,level,tags foldmultilines=false

Environment Variables:
PATH=C:\Program Files\Common Files\Oracle\Java\javapath;C:\Program Files (x86)\Common Files\Oracle\Java\java8path;C:\Program Files (x86)\Common Files\Oracle\Java\javapath;C:\windows\system32;C:\windows;C:\windows\System32\Wbem;C:\windows\System32\WindowsPowerShell\v1.0\;C:\windows\System32\OpenSSH\;C:\Program Files (x86)\NVIDIA Corporation\PhysX\Common;C:\Program Files\NVIDIA Corporation\NVIDIA NvDLISR;C:\WINDOWS\system32;C:\WINDOWS;C:\WINDOWS\System32\Wbem;C:\WINDOWS\System32\WindowsPowerShell\v1.0\;C:\WINDOWS\System32\OpenSSH\;C:\MinGW\bin;C:\Program Files\nodejs\;C:\Program Files\Git\cmd;C:\Program Files\dotnet\;;C:\Program Files\Docker\Docker\resources\bin;C:\Users\Anshul Dhiman\AppData\Local\Programs\Python\Python313\Scripts\;C:\Users\Anshul Dhiman\AppData\Local\Programs\Python\Python313\;C:\Users\Anshul Dhiman\AppData\Local\Programs\Python\Launcher\;C:\Users\Anshul Dhiman\AppData\Local\Microsoft\WindowsApps;;C:\Users\Anshul Dhiman\AppData\Local\Programs\Microsoft VS Code\bin;C:\Users\Anshul Dhiman\AppData\Roaming\npm
USERNAME=Anshul Dhiman
LANG=en_US.UTF-8
OS=Windows_NT
PROCESSOR_IDENTIFIER=AMD64 Family 25 Model 80 Stepping 0, AuthenticAMD
TMP=C:\Users\ANSHUL~1\AppData\Local\Temp
TEMP=C:\Users\ANSHUL~1\AppData\Local\Temp




Periodic native trim disabled

---------------  S Y S T E M  ---------------

OS:
 Windows 11 , 64 bit Build 22621 (10.0.22621.5415)
OS uptime: 0 days 4:30 hours
Hyper-V role detected

CPU: total 12 (initial active 12) (12 cores per cpu, 2 threads per core) family 25 model 80 stepping 0 microcode 0x0, cx8, cmov, fxsr, ht, mmx, 3dnowpref, sse, sse2, sse3, ssse3, sse4a, sse4.1, sse4.2, popcnt, lzcnt, tsc, tscinvbit, avx, avx2, aes, erms, clmul, bmi1, bmi2, adx, sha, fma, vzeroupper, clflush, clflushopt, hv, rdtscp, rdpid, fsrm, f16c, cet_ss
Processor Information for processor 0
  Max Mhz: 3301, Current Mhz: 2630, Mhz Limit: 3301
Processor Information for processor 1
  Max Mhz: 3301, Current Mhz: 2630, Mhz Limit: 3301
Processor Information for processor 2
  Max Mhz: 3301, Current Mhz: 2630, Mhz Limit: 3301
Processor Information for processor 3
  Max Mhz: 3301, Current Mhz: 2630, Mhz Limit: 3301
Processor Information for processor 4
  Max Mhz: 3301, Current Mhz: 3301, Mhz Limit: 3301
Processor Information for processor 5
  Max Mhz: 3301, Current Mhz: 2630, Mhz Limit: 3301
Processor Information for processor 6
  Max Mhz: 3301, Current Mhz: 3301, Mhz Limit: 3301
Processor Information for processor 7
  Max Mhz: 3301, Current Mhz: 2630, Mhz Limit: 3301
Processor Information for processor 8
  Max Mhz: 3301, Current Mhz: 2630, Mhz Limit: 3301
Processor Information for processor 9
  Max Mhz: 3301, Current Mhz: 2630, Mhz Limit: 3301
Processor Information for processor 10
  Max Mhz: 3301, Current Mhz: 3301, Mhz Limit: 3301
Processor Information for processor 11
  Max Mhz: 3301, Current Mhz: 2630, Mhz Limit: 3301

Memory: 4k page, system-wide physical 7521M (1135M free)
TotalPageFile size 13451M (AvailPageFile size 0M)
current process WorkingSet (physical memory assigned to process): 20M, peak: 20M
current process commit charge ("private bytes"): 77M, peak: 77M

vm_info: Java HotSpot(TM) 64-Bit Server VM (21.0.2+13-LTS-58) for windows-amd64 JRE (21.0.2+13-LTS-58), built on 2024-01-05T18:32:24Z by "mach5one" with MS VC++ 17.1 (VS2022)

END.
